[2015.12.23-16.56.39:329][  0]Log file open, 12/23/15 11:56:39
[2015.12.23-16.56.39:329][  0]LogModuleManager:Warning: ModuleManager: Module 'HTTPChunkInstaller' not found - its StaticallyLinkedModuleInitializers function is null.
[2015.12.23-16.56.39:329][  0]LogPlatformFile: Not using cached read wrapper
[2015.12.23-16.56.39:329][  0]LogInit:Display: RandInit(950883944) SRandInit(950883945).
[2015.12.23-16.56.39:329][  0]LogTaskGraph: Started task graph with 4 named threads and 5 total threads.
[2015.12.23-16.56.39:329][  0]LogStats: Stats thread started at 0.041591
[2015.12.23-16.56.39:329][  0]LogInit: Version: 4.10.0-2758231+++depot+UE4-Releases+4.10
[2015.12.23-16.56.39:329][  0]LogInit: API Version: 2758231
[2015.12.23-16.56.39:329][  0]LogInit: Compiled (32-bit): Nov  7 2015 07:04:57
[2015.12.23-16.56.39:330][  0]LogInit: Compiled with Visual C++: 19.00.23026.00
[2015.12.23-16.56.39:330][  0]LogInit: Build Configuration: Development
[2015.12.23-16.56.39:330][  0]LogInit: Branch Name: ++depot+UE4-Releases+4.10
[2015.12.23-16.56.39:330][  0]LogInit: Command line: 
[2015.12.23-16.56.39:330][  0]LogInit: Base directory: C:/Users/Ryan/Downloads/Independent Study/IS/Binaries/Win32/
[2015.12.23-16.56.39:330][  0]LogInit: Rocket: 0
[2015.12.23-16.56.39:332][  0]LogInit: Using libcurl 7.41.0
[2015.12.23-16.56.39:332][  0]LogInit:  - built for i386-pc-win32
[2015.12.23-16.56.39:332][  0]LogInit:  - supports SSL with WinSSL
[2015.12.23-16.56.39:332][  0]LogInit:  - other features:
[2015.12.23-16.56.39:332][  0]LogInit:      CURL_VERSION_SSL
[2015.12.23-16.56.39:332][  0]LogInit:      CURL_VERSION_IPV6
[2015.12.23-16.56.39:332][  0]LogInit:      CURL_VERSION_ASYNCHDNS
[2015.12.23-16.56.39:332][  0]LogInit:      CURL_VERSION_LARGEFILE
[2015.12.23-16.56.39:332][  0]LogInit:      CURL_VERSION_IDN
[2015.12.23-16.56.39:332][  0]LogInit:  CurlRequestOptions (configurable via config and command line):
[2015.12.23-16.56.39:332][  0]LogInit:  - bVerifyPeer = true  - Libcurl will verify peer certificate
[2015.12.23-16.56.39:332][  0]LogInit:  - bUseHttpProxy = false  - Libcurl will NOT use HTTP proxy
[2015.12.23-16.56.39:332][  0]LogInit:  - bDontReuseConnections = false  - Libcurl will reuse connections
[2015.12.23-16.56.39:332][  0]LogInit:  - CertBundlePath = nullptr  - Libcurl will use whatever was configured at build time.
[2015.12.23-16.56.39:334][  0]LogInit: Presizing for 0 objects not considered by GC, pre-allocating 0 bytes.
[2015.12.23-16.56.39:339][  0]LogInit: Object subsystem initialized
[2015.12.23-16.56.39:343][  0]LogInit: Selected Device Profile: [WindowsNoEditor]
[2015.12.23-16.56.39:343][  0]LogInit: Applying CVar settings loaded from the selected device profile: [WindowsNoEditor]
[2015.12.23-16.56.39:351][  0]LogInit: Computer: THEGIANT
[2015.12.23-16.56.39:351][  0]LogInit: User: Ryan
[2015.12.23-16.56.39:351][  0]LogInit: CPU Page size=4096, Cores=2
[2015.12.23-16.56.39:351][  0]LogInit: High frequency timer resolution =2.338341 MHz
[2015.12.23-16.56.39:351][  0]LogMemory: Memory total: Physical=3.9GB (0GB approx) Virtual=4.0GB
[2015.12.23-16.56.39:351][  0]LogMemory: Platform Memory Stats for WindowsNoEditor
[2015.12.23-16.56.39:351][  0]LogMemory: Process Physical Memory: 30.83 MB used, 30.83 MB peak
[2015.12.23-16.56.39:351][  0]LogMemory: Process Virtual Memory: 49.87 MB used, 49.87 MB peak
[2015.12.23-16.56.39:351][  0]LogMemory: Physical Memory: 2442.57 MB used, 4026.15 MB total
[2015.12.23-16.56.39:351][  0]LogMemory: Virtual Memory: 223.50 MB used, 4095.88 MB total
[2015.12.23-16.56.39:380][  0]LogTextLocalizationManager: No specific translations for ('en-US') exist, so ('en') translations will be used.
[2015.12.23-16.56.39:531][  0]LogD3D11RHI: Found D3D11 adapter 0: Intel(R) HD Graphics Family (Feature Level 11_0)
[2015.12.23-16.56.39:531][  0]LogD3D11RHI: Adapter has 112MB of dedicated video memory, 0MB of dedicated system memory, and 3983MB of shared system memory, 1 output[s]
[2015.12.23-16.56.39:533][  0]LogD3D11RHI: Found D3D11 adapter 1: Microsoft Basic Render Driver (Feature Level 11_0)
[2015.12.23-16.56.39:533][  0]LogD3D11RHI: Adapter has 0MB of dedicated video memory, 0MB of dedicated system memory, and 4061MB of shared system memory, 0 output[s]
[2015.12.23-16.56.39:533][  0]LogD3D11RHI: Chosen D3D11 Adapter Id = 0
[2015.12.23-16.56.39:539][  0]LogD3D11RHI: !Direct3DDevice
[2015.12.23-16.56.39:539][  0]LogRHI: Texture pool is 78 MB (70% of 112 MB)
[2015.12.23-16.56.39:545][  0]LogD3D11RHI: Async texture creation enabled
[2015.12.23-16.56.39:625][  0]LogInit: Selected Device Profile: [WindowsNoEditor]
[2015.12.23-16.56.39:737][  0]LogInit: WinSock: version 1.1 (2.2), MaxSocks=32767, MaxUdp=65467
[2015.12.23-16.56.39:814][  0]LogWindowsMoviePlayer: Unable to load movie: ../../../IS/Content/Movies/Default_Startup.mp4
[2015.12.23-16.56.39:853][  0]LogObj: 23604 objects as part of root set at end of initial load.
[2015.12.23-16.56.39:853][  0]LogUObjectAllocator: 3323352 out of 0 bytes used by permanent object pool.
[2015.12.23-16.56.39:864][  0]LogEngine: Initializing Engine...
[2015.12.23-16.56.39:867][  0]LogHMD: Can't find Oculus library dev build: is proper Runtime installed? Version: 0.8.0.0
[2015.12.23-16.56.39:870][  0]LogHMD: SteamVR failed to initialize.  Err: 110
[2015.12.23-16.56.39:905][  0]LogInit: XAudio2 using 'Speaker/HP (Realtek High Definition Audio)' : 2 channels at 48 kHz using 32 bits per sample (channel mask 0x3)
[2015.12.23-16.56.40:042][  0]LogInit: FAudioDevice initialized.
[2015.12.23-16.56.40:042][  0]LogInit: Texture streaming: Disabled
[2015.12.23-16.56.40:042][  0]LogAnalytics: Creating configured Analytics provider AnalyticsET
[2015.12.23-16.56.40:042][  0]LogAnalytics: [UEGame.UnrealEngine.Release|A9B626D84F558997D589F4838651B3BF|Independent Study] APIServer = http://et2.epicgames.com/ET2/. AppVersion = 4.10.0-2758231+++depot+UE4-Releases+4.10
[2015.12.23-16.56.40:042][  0]LogAnalytics: [UEGame.UnrealEngine.Release|A9B626D84F558997D589F4838651B3BF|Independent Study] SetUserId ANON-{25D649A8-49CC-0078-934C-56BC89DBE87B}
[2015.12.23-16.56.40:042][  0]LogAnalytics: [UEGame.UnrealEngine.Release|A9B626D84F558997D589F4838651B3BF|Independent Study] AnalyticsET::StartSession
[2015.12.23-16.56.40:057][  0]LogLinker:Warning: CreateImport: Failed to load Outer for resource 'WidgetTree': WidgetBlueprint /Script/UMGEditor.Default__WidgetBlueprint
[2015.12.23-16.56.40:059][  0]LogLinker:Warning: CreateImport: Failed to load Outer for resource 'WidgetTree': WidgetBlueprint /Script/UMGEditor.Default__WidgetBlueprint
[2015.12.23-16.56.40:061][  0]LogLinker:Warning: CreateImport: Failed to load Outer for resource 'WidgetTree': WidgetBlueprint /Script/UMGEditor.Default__WidgetBlueprint
[2015.12.23-16.56.40:074][  0]LogNet: Browse: /Game/Levels/L_Island?Name=Player
[2015.12.23-16.56.40:074][  0]LogLoad: LoadMap: /Game/Levels/L_Island?Name=Player
[2015.12.23-16.56.40:090][  0]LogParticles: Destroying 0 GPU particle simulations for FXSystem 0x12BCC1D0
[2015.12.23-16.56.40:102][  0]LogMemory: Platform Memory Stats for WindowsNoEditor
[2015.12.23-16.56.40:102][  0]LogMemory: Process Physical Memory: 124.42 MB used, 125.07 MB peak
[2015.12.23-16.56.40:102][  0]LogMemory: Process Virtual Memory: 143.21 MB used, 145.77 MB peak
[2015.12.23-16.56.40:102][  0]LogMemory: Physical Memory: 2554.16 MB used, 4026.15 MB total
[2015.12.23-16.56.40:102][  0]LogMemory: Virtual Memory: 497.86 MB used, 4095.88 MB total
[2015.12.23-16.56.40:102][  0]LogMemory: 
[2015.12.23-16.56.40:102][  0]LogMemory: Allocator Stats for binned:
[2015.12.23-16.56.40:102][  0]LogMemory: Current Memory 38.72 MB used, plus 3.18 MB waste
[2015.12.23-16.56.40:102][  0]LogMemory: Peak Memory 43.84 MB used, plus 2.17 MB waste
[2015.12.23-16.56.40:102][  0]LogMemory: Current OS Memory 41.91 MB, peak 46.00 MB
[2015.12.23-16.56.40:102][  0]LogMemory: Current Waste 0.54 MB, peak 0.83 MB
[2015.12.23-16.56.40:102][  0]LogMemory: Current Used 38.73 MB, peak 43.84 MB
[2015.12.23-16.56.40:102][  0]LogMemory: Current Slack 1.24 MB
[2015.12.23-16.56.40:102][  0]LogMemory: Allocs       123515 Current /  1225870 Total
[2015.12.23-16.56.40:102][  0]LogMemory: 
[2015.12.23-16.56.40:102][  0]LogMemory: Block Size Num Pools Max Pools Cur Allocs Total Allocs Min Req Max Req Mem Used Mem Slack Mem Waste Efficiency
[2015.12.23-16.56.40:102][  0]LogMemory: ---------- --------- --------- ---------- ------------ ------- ------- -------- --------- --------- ----------
[2015.12.23-16.56.40:102][  0]LogMemory:          8         1         1       5374       241301       8       8      41K       23K        0K    100.00%
[2015.12.23-16.56.40:102][  0]LogMemory:         16         7         7      26183       101123       9      16     409K       39K       18K     95.98%
[2015.12.23-16.56.40:102][  0]LogMemory:         32         5         5       8642        28915      17      32     270K       50K       55K     82.81%
[2015.12.23-16.56.40:102][  0]LogMemory:         48        15        15      18972        61019      33      48     889K       71K       77K     91.98%
[2015.12.23-16.56.40:102][  0]LogMemory:         64        11        11      10896        79434      49      64     681K       23K       85K     87.93%
[2015.12.23-16.56.40:102][  0]LogMemory:         80         7         7       5252        57902      65      80     410K       38K       36K     91.96%
[2015.12.23-16.56.40:102][  0]LogMemory:         96        28        28      19047        52643      81      96    1785K        6K       88K     95.09%
[2015.12.23-16.56.40:102][  0]LogMemory:        112         8        12       3829        34596      97     112     418K       94K       21K     95.90%
[2015.12.23-16.56.40:102][  0]LogMemory:        128        11        11       5301        62667     114     128     662K       42K       32K     95.45%
[2015.12.23-16.56.40:102][  0]LogMemory:        160         5         5       1695        74789     129     160     264K       56K       22K     93.13%
[2015.12.23-16.56.40:102][  0]LogMemory:        192        18        29       5919       135103     161     192    1109K       42K       76K     93.40%
[2015.12.23-16.56.40:102][  0]LogMemory:        224         3         3        803       141975     193     224     175K       17K       14K     92.71%
[2015.12.23-16.56.40:102][  0]LogMemory:        256         3         3        711        48395     226     256     177K       15K       11K     94.27%
[2015.12.23-16.56.40:102][  0]LogMemory:        288        17        17       3701        44643     257     288    1040K       46K       59K     94.58%
[2015.12.23-16.56.40:102][  0]LogMemory:        320         4         4        628        14939     290     320     196K       59K       10K     96.09%
[2015.12.23-16.56.40:102][  0]LogMemory:        384         9         9       1410        14735     321     384     528K       46K       58K     89.93%
[2015.12.23-16.56.40:102][  0]LogMemory:        448         6         6        696         4269     385     448     304K       80K       22K     94.27%
[2015.12.23-16.56.40:102][  0]LogMemory:        512         5         5        631         3908     449     512     315K        5K       25K     92.19%
[2015.12.23-16.56.40:102][  0]LogMemory:        576        12        13        952         4151     513     576     535K      228K       21K     97.27%
[2015.12.23-16.56.40:102][  0]LogMemory:        640         7         7        454         1016     577     640     283K      164K       13K     97.10%
[2015.12.23-16.56.40:102][  0]LogMemory:        704         5         5        303         1074     641     704     208K      112K       10K     96.88%
[2015.12.23-16.56.40:103][  0]LogMemory:        768         2         2         76          194     705     768      57K       71K        2K     98.44%
[2015.12.23-16.56.40:103][  0]LogMemory:        896         2         3        126          382     769     896     110K       18K        8K     93.75%
[2015.12.23-16.56.40:103][  0]LogMemory:       1024         3         4        155         2661     897    1024     155K       37K        5K     97.40%
[2015.12.23-16.56.40:103][  0]LogMemory:       1168         7         7        334         1017    1025    1168     380K       68K       19K     95.76%
[2015.12.23-16.56.40:103][  0]LogMemory:       1360         3         3        115          332    1171    1360     152K       40K       11K     94.27%
[2015.12.23-16.56.40:103][  0]LogMemory:       1632         6         6        111         2558    1361    1632     176K      207K        9K     97.66%
[2015.12.23-16.56.40:103][  0]LogMemory:       2048         8         8        214          688    1633    2048     428K       84K       47K     90.82%
[2015.12.23-16.56.40:103][  0]LogMemory:       2336         4         4         87         1593    2050    2333     198K       58K       22K     91.41%
[2015.12.23-16.56.40:103][  0]LogMemory:       2720         4         4         70         1563    2337    2718     185K       70K       21K     91.80%
[2015.12.23-16.56.40:103][  0]LogMemory:       3264         5         7         83          964    2721    3264     264K       55K       15K     95.31%
[2015.12.23-16.56.40:103][  0]LogMemory:       4096        12        14        156         1784    3265    4096     624K      144K       82K     89.32%
[2015.12.23-16.56.40:103][  0]LogMemory:       4672        13        15        145          481    4104    4666     661K      170K       51K     93.87%
[2015.12.23-16.56.40:103][  0]LogMemory:       5456         9        14         94          974    4673    5440     500K       76K       47K     91.84%
[2015.12.23-16.56.40:103][  0]LogMemory:       6544         9        12         74          277    5460    6537     472K      104K       41K     92.88%
[2015.12.23-16.56.40:103][  0]LogMemory:       8192         9        10         66          905    6560    8192     528K       48K       39K     93.23%
[2015.12.23-16.56.40:103][  0]LogMemory:       9360         6         6         37           86    8200    9360     338K       46K       26K     93.23%
[2015.12.23-16.56.40:103][  0]LogMemory:      10912         4         5         23           55    9408   10845     245K       11K       21K     91.80%
[2015.12.23-16.56.40:103][  0]LogMemory:      13104         5         6         25           61   11101   13056     319K        1K       26K     91.88%
[2015.12.23-16.56.40:103][  0]LogMemory:      16384         7        10         26          139   13120   16384     416K       32K       28K     93.75%
[2015.12.23-16.56.40:103][  0]LogMemory:      21840         6         8         16           68   16392   21556     341K       43K       56K     85.42%
[2015.12.23-16.56.40:103][  0]LogMemory:      32768         7         8         11           65   21865   32640     352K       96K       75K     83.26%
[2015.12.23-16.56.40:103][  0]LogMemory: 
[2015.12.23-16.56.40:103][  0]LogMemory: 20352K allocated in pools (with 2735K slack and 1404K waste). Efficiency 93.10%
[2015.12.23-16.56.40:103][  0]LogMemory: Allocations 123444 Current / 1225445 Total (in 318 pools)
[2015.12.23-16.56.40:103][  0]LogMemory: 
[2015.12.23-16.56.40:122][  0]LogLinker:Warning: CreateImport: Failed to load Outer for resource 'WidgetTree': WidgetBlueprint /Script/UMGEditor.Default__WidgetBlueprint
[2015.12.23-16.56.40:220][  0]LogModuleManager:Warning: ModuleManager: Module 'GameplayDebugger' not found - its StaticallyLinkedModuleInitializers function is null.
[2015.12.23-16.56.40:220][  0]LogAIModule: Creating AISystem for world L_Island
[2015.12.23-16.56.40:220][  0]LogWorld: Game class is 'BP_GameMode_C'
[2015.12.23-16.56.40:222][  0]LogPhysics:Warning: AddBoxesToRigidActor: [/Game/Maps/TM_Outside.TM_Outside] BoxElems[25] invalid or has invalid transform
[2015.12.23-16.56.40:223][  0]LogWorld: Bringing World /Game/Levels/L_Island.L_Island up for play (max tick rate 0) at 2015.12.23-11.56.40
[2015.12.23-16.56.40:223][  0]LogWorld: Bringing up level for play took: 0.001887
[2015.12.23-16.56.40:228][  0]LogInit:Display: Game Engine Initialized.
[2015.12.23-16.56.40:429][  0]LogLoad: Full Startup: 1.39 seconds (BP compile: 0.00 seconds)
[2015.12.23-16.56.40:472][  0]LogOcInput: Can't find Oculus library dev build: is proper Runtime installed? Version: 0.8.0.0
[2015.12.23-16.56.40:624][  2]LogRenderer: Reallocating scene render targets to support 1280x720 (Frame:2).
[2015.12.23-16.56.50:765][308]LogPackageName: SearchForPackageOnDisk took   0.277s to resolve L_Main.umap.
[2015.12.23-16.56.51:025][309]LogPackageName: SearchForPackageOnDisk took   0.259s to resolve L_Main.umap.
[2015.12.23-16.56.51:025][309]LogNet: Browse: /Game/Levels/L_Main
[2015.12.23-16.56.51:025][309]LogLoad: LoadMap: /Game/Levels/L_Main
[2015.12.23-16.56.51:043][309]LogParticles: Destroying 0 GPU particle simulations for FXSystem 0x1038AE90
[2015.12.23-16.56.51:060][309]LogMemory: Platform Memory Stats for WindowsNoEditor
[2015.12.23-16.56.51:060][309]LogMemory: Process Physical Memory: 145.71 MB used, 155.17 MB peak
[2015.12.23-16.56.51:060][309]LogMemory: Process Virtual Memory: 161.80 MB used, 168.96 MB peak
[2015.12.23-16.56.51:060][309]LogMemory: Physical Memory: 2713.55 MB used, 4026.15 MB total
[2015.12.23-16.56.51:060][309]LogMemory: Virtual Memory: 596.91 MB used, 4095.88 MB total
[2015.12.23-16.56.51:060][309]LogMemory: 
[2015.12.23-16.56.51:060][309]LogMemory: Allocator Stats for binned:
[2015.12.23-16.56.51:060][309]LogMemory: Current Memory 43.39 MB used, plus 3.76 MB waste
[2015.12.23-16.56.51:060][309]LogMemory: Peak Memory 51.58 MB used, plus 2.67 MB waste
[2015.12.23-16.56.51:060][309]LogMemory: Current OS Memory 47.16 MB, peak 54.25 MB
[2015.12.23-16.56.51:060][309]LogMemory: Current Waste 0.63 MB, peak 0.83 MB
[2015.12.23-16.56.51:060][309]LogMemory: Current Used 43.39 MB, peak 51.58 MB
[2015.12.23-16.56.51:060][309]LogMemory: Current Slack 1.64 MB
[2015.12.23-16.56.51:060][309]LogMemory: Allocs       128173 Current /  2403703 Total
[2015.12.23-16.56.51:060][309]LogMemory: 
[2015.12.23-16.56.51:060][309]LogMemory: Block Size Num Pools Max Pools Cur Allocs Total Allocs Min Req Max Req Mem Used Mem Slack Mem Waste Efficiency
[2015.12.23-16.56.51:060][309]LogMemory: ---------- --------- --------- ---------- ------------ ------- ------- -------- --------- --------- ----------
[2015.12.23-16.56.51:060][309]LogMemory:          8         1         1       5506       565423       8       8      43K       21K        0K    100.00%
[2015.12.23-16.56.51:060][309]LogMemory:         16         8         8      28909       153412       9      16     451K       61K       16K     96.88%
[2015.12.23-16.56.51:060][309]LogMemory:         32         5         5       9175        92969      17      32     286K       34K       48K     85.00%
[2015.12.23-16.56.51:060][309]LogMemory:         48        16        16      19188        84629      33      48     899K      125K       80K     92.19%
[2015.12.23-16.56.51:060][309]LogMemory:         64        12        12      11139       187878      49      64     696K       72K       91K     88.15%
[2015.12.23-16.56.51:060][309]LogMemory:         80         7         7       5384       150638      65      80     420K       28K       35K     92.19%
[2015.12.23-16.56.51:060][309]LogMemory:         96        30        30      19153       125023      81      96    1795K      124K      125K     93.49%
[2015.12.23-16.56.51:060][309]LogMemory:        112         8        12       3934        77084      97     112     430K       82K       27K     94.73%
[2015.12.23-16.56.51:060][309]LogMemory:        128        11        12       5321       129357     114     128     665K       39K       33K     95.31%
[2015.12.23-16.56.51:060][309]LogMemory:        160         5         6       1809       183470     129     160     282K       38K       26K     91.88%
[2015.12.23-16.56.51:060][309]LogMemory:        192        18        29       5934       154809     161     192    1112K       39K       77K     93.32%
[2015.12.23-16.56.51:060][309]LogMemory:        224         3         4        829       274344     193     224     181K       11K       15K     92.19%
[2015.12.23-16.56.51:060][309]LogMemory:        256         4         4        767        66991     225     256     191K       65K       14K     94.53%
[2015.12.23-16.56.51:060][309]LogMemory:        288        18        18       3747        49233     257     288    1053K       97K       60K     94.79%
[2015.12.23-16.56.51:060][309]LogMemory:        320         4         4        634        17960     290     320     198K       57K        9K     96.48%
[2015.12.23-16.56.51:060][309]LogMemory:        384         9         9       1419        24121     321     384     532K       42K       50K     91.32%
[2015.12.23-16.56.51:060][309]LogMemory:        448         6         6        712        18897     385     448     311K       73K       34K     91.15%
[2015.12.23-16.56.51:061][309]LogMemory:        512         6         6        647         5371     449     512     323K       61K       21K     94.53%
[2015.12.23-16.56.51:061][309]LogMemory:        576        12        13        956         6066     513     576     537K      226K       31K     95.96%
[2015.12.23-16.56.51:061][309]LogMemory:        640         7         7        459         1041     577     640     286K      161K       13K     97.10%
[2015.12.23-16.56.51:061][309]LogMemory:        704         5         5        311         1510     641     704     213K      107K        8K     97.50%
[2015.12.23-16.56.51:061][309]LogMemory:        768         2         2         75          545     705     768      56K       72K        1K     99.22%
[2015.12.23-16.56.51:061][309]LogMemory:        896         3         3        141         5058     769     896     123K       69K       12K     93.75%
[2015.12.23-16.56.51:061][309]LogMemory:       1024         3         4        166         3747     897    1024     166K       26K        7K     96.35%
[2015.12.23-16.56.51:061][309]LogMemory:       1168         7        11        330         1352    1025    1168     376K       72K       17K     96.21%
[2015.12.23-16.56.51:061][309]LogMemory:       1360         3         4        119          693    1171    1360     158K       34K        9K     95.31%
[2015.12.23-16.56.51:061][309]LogMemory:       1632         8         9        123         3555    1361    1632     196K      314K       12K     97.66%
[2015.12.23-16.56.51:061][309]LogMemory:       2048         8         8        228         1498    1633    2048     456K       56K       67K     86.91%
[2015.12.23-16.56.51:061][309]LogMemory:       2336         5         5         87         1949    2050    2333     198K      122K       21K     93.44%
[2015.12.23-16.56.51:061][309]LogMemory:       2720         4         4         73         2222    2337    2718     193K       62K       20K     92.19%
[2015.12.23-16.56.51:061][309]LogMemory:       3264         5         7         81         1599    2721    3264     258K       61K       24K     92.50%
[2015.12.23-16.56.51:061][309]LogMemory:       4096        12        14        160         1813    3265    4096     640K      128K       84K     89.06%
[2015.12.23-16.56.51:061][309]LogMemory:       4672        13        15        162          538    4104    4666     739K       92K       59K     92.91%
[2015.12.23-16.56.51:061][309]LogMemory:       5456         9        14         98          990    4673    5440     522K       54K       49K     91.49%
[2015.12.23-16.56.51:061][309]LogMemory:       6544         9        12         75          604    5460    6537     479K       97K       39K     93.23%
[2015.12.23-16.56.51:061][309]LogMemory:       8192         9        11         64          942    6560    8192     512K       64K       38K     93.40%
[2015.12.23-16.56.51:061][309]LogMemory:       9360         6         6         35           93    8200    9360     319K       65K       24K     93.75%
[2015.12.23-16.56.51:061][309]LogMemory:      10912         4         5         22          679    9408   10845     234K       22K       14K     94.53%
[2015.12.23-16.56.51:061][309]LogMemory:      13104         6        11         29         3114   11101   13056     371K       13K       31K     91.93%
[2015.12.23-16.56.51:061][309]LogMemory:      16384         7        10         26          461   13120   16384     416K       32K       10K     97.77%
[2015.12.23-16.56.51:061][309]LogMemory:      21840         8         9         17           88   16392   21556     362K      150K       61K     88.09%
[2015.12.23-16.56.51:061][309]LogMemory:      32768         7         8         12           74   21865   32640     384K       64K       83K     81.47%
[2015.12.23-16.56.51:061][309]LogMemory: 
[2015.12.23-16.56.51:061][309]LogMemory: 21312K allocated in pools (with 3232K slack and 1495K waste). Efficiency 92.99%
[2015.12.23-16.56.51:061][309]LogMemory: Allocations 128057 Current / 2401841 Total (in 333 pools)
[2015.12.23-16.56.51:061][309]LogMemory: 
[2015.12.23-16.56.51:078][309]LogLinker:Warning: CreateImport: Failed to load Outer for resource 'WidgetTree': WidgetBlueprint /Script/UMGEditor.Default__WidgetBlueprint
[2015.12.23-16.56.51:129][309]LogAIModule: Creating AISystem for world L_Main
[2015.12.23-16.56.51:129][309]LogWorld: Game class is 'BP_GameMode_C'
[2015.12.23-16.56.51:130][309]LogWorld: Bringing World /Game/Levels/L_Main.L_Main up for play (max tick rate 0) at 2015.12.23-11.56.51
[2015.12.23-16.56.51:131][309]LogWorld: Bringing up level for play took: 0.001215
[2015.12.23-16.57.00:067][599]LogPackageName: SearchForPackageOnDisk took   0.279s to resolve L_Island.umap.
[2015.12.23-16.57.00:321][600]LogPackageName: SearchForPackageOnDisk took   0.253s to resolve L_Island.umap.
[2015.12.23-16.57.00:321][600]LogNet: Browse: /Game/Levels/L_Island
[2015.12.23-16.57.00:321][600]LogLoad: LoadMap: /Game/Levels/L_Island
[2015.12.23-16.57.00:340][600]LogParticles: Destroying 0 GPU particle simulations for FXSystem 0x1038B670
[2015.12.23-16.57.00:354][600]LogMemory: Platform Memory Stats for WindowsNoEditor
[2015.12.23-16.57.00:354][600]LogMemory: Process Physical Memory: 143.01 MB used, 163.45 MB peak
[2015.12.23-16.57.00:354][600]LogMemory: Process Virtual Memory: 161.05 MB used, 171.61 MB peak
[2015.12.23-16.57.00:354][600]LogMemory: Physical Memory: 2741.01 MB used, 4026.15 MB total
[2015.12.23-16.57.00:354][600]LogMemory: Virtual Memory: 592.05 MB used, 4095.88 MB total
[2015.12.23-16.57.00:354][600]LogMemory: 
[2015.12.23-16.57.00:355][600]LogMemory: Allocator Stats for binned:
[2015.12.23-16.57.00:355][600]LogMemory: Current Memory 43.32 MB used, plus 3.84 MB waste
[2015.12.23-16.57.00:355][600]LogMemory: Peak Memory 51.58 MB used, plus 2.67 MB waste
[2015.12.23-16.57.00:355][600]LogMemory: Current OS Memory 47.16 MB, peak 54.25 MB
[2015.12.23-16.57.00:355][600]LogMemory: Current Waste 0.63 MB, peak 0.83 MB
[2015.12.23-16.57.00:355][600]LogMemory: Current Used 43.32 MB, peak 51.58 MB
[2015.12.23-16.57.00:355][600]LogMemory: Current Slack 1.70 MB
[2015.12.23-16.57.00:355][600]LogMemory: Allocs       130519 Current /  3512902 Total
[2015.12.23-16.57.00:355][600]LogMemory: 
[2015.12.23-16.57.00:355][600]LogMemory: Block Size Num Pools Max Pools Cur Allocs Total Allocs Min Req Max Req Mem Used Mem Slack Mem Waste Efficiency
[2015.12.23-16.57.00:355][600]LogMemory: ---------- --------- --------- ---------- ------------ ------- ------- -------- --------- --------- ----------
[2015.12.23-16.57.00:355][600]LogMemory:          8         1         1       5512       885760       8       8      43K       21K        0K    100.00%
[2015.12.23-16.57.00:355][600]LogMemory:         16         8         8      30953       195172       9      16     483K       29K       16K     96.88%
[2015.12.23-16.57.00:355][600]LogMemory:         32         5         5       9229       146442      17      32     288K       32K       46K     85.63%
[2015.12.23-16.57.00:355][600]LogMemory:         48        16        16      19189       105500      33      48     899K      125K       81K     92.09%
[2015.12.23-16.57.00:355][600]LogMemory:         64        12        12      11148       291985      49      64     696K       72K       93K     87.89%
[2015.12.23-16.57.00:355][600]LogMemory:         80         7         7       5404       228633      65      80     422K       26K       35K     92.19%
[2015.12.23-16.57.00:355][600]LogMemory:         96        30        30      19167       195209      81      96    1796K      123K      136K     92.92%
[2015.12.23-16.57.00:355][600]LogMemory:        112         8        12       3947       118145      97     112     431K       81K       29K     94.34%
[2015.12.23-16.57.00:355][600]LogMemory:        128        11        12       5330       195095     114     128     666K       38K       34K     95.17%
[2015.12.23-16.57.00:355][600]LogMemory:        160         6         6       1903       290843     129     160     297K       87K       28K     92.71%
[2015.12.23-16.57.00:355][600]LogMemory:        192        18        29       5935       173293     161     192    1112K       39K       77K     93.32%
[2015.12.23-16.57.00:355][600]LogMemory:        224         3         4        829       398739     193     224     181K       11K       14K     92.71%
[2015.12.23-16.57.00:355][600]LogMemory:        256         5         5        850        84702     225     256     212K      108K       16K     95.00%
[2015.12.23-16.57.00:355][600]LogMemory:        288        18        18       3748        53767     257     288    1054K       96K       60K     94.79%
[2015.12.23-16.57.00:355][600]LogMemory:        320         4         4        633        20007     290     320     197K       58K        9K     96.48%
[2015.12.23-16.57.00:355][600]LogMemory:        384         9        10       1420        32297     321     384     532K       42K       46K     92.01%
[2015.12.23-16.57.00:355][600]LogMemory:        448         6         6        713        33173     385     448     311K       73K       36K     90.63%
[2015.12.23-16.57.00:355][600]LogMemory:        512         6         6        642         6427     449     512     321K       63K       19K     95.05%
[2015.12.23-16.57.00:355][600]LogMemory:        576        12        13        961         8016     513     576     540K      223K       37K     95.18%
[2015.12.23-16.57.00:355][600]LogMemory:        640         7         7        458         1063     577     640     286K      161K       13K     97.10%
[2015.12.23-16.57.00:355][600]LogMemory:        704         5         5        310         1858     641     704     213K      107K        7K     97.81%
[2015.12.23-16.57.00:355][600]LogMemory:        768         2         2         75          875     705     768      56K       72K        1K     99.22%
[2015.12.23-16.57.00:355][600]LogMemory:        896         3         3        142         8314     769     896     124K       68K       12K     93.75%
[2015.12.23-16.57.00:355][600]LogMemory:       1024         3         4        167         4980     897    1024     167K       25K        8K     95.83%
[2015.12.23-16.57.00:355][600]LogMemory:       1168         7        11        330         1842    1025    1168     376K       72K       17K     96.21%
[2015.12.23-16.57.00:355][600]LogMemory:       1360         3         4        115          824    1171    1360     152K       40K        9K     95.31%
[2015.12.23-16.57.00:355][600]LogMemory:       1632         8         9        122         4269    1361    1632     194K      316K       12K     97.66%
[2015.12.23-16.57.00:355][600]LogMemory:       2048         8         8        228         2257    1633    2048     456K       56K       72K     85.94%
[2015.12.23-16.57.00:355][600]LogMemory:       2336         5         5         86         2022    2050    2333     196K      124K       20K     93.75%
[2015.12.23-16.57.00:355][600]LogMemory:       2720         4         4         75         2856    2337    2718     199K       56K       20K     92.19%
[2015.12.23-16.57.00:355][600]LogMemory:       3264         5         8         81         2358    2721    3264     258K       61K       29K     90.94%
[2015.12.23-16.57.00:355][600]LogMemory:       4096        12        14        161         1838    3265    4096     644K      124K       85K     88.93%
[2015.12.23-16.57.00:355][600]LogMemory:       4672        13        15        163          561    4104    4666     743K       88K       60K     92.79%
[2015.12.23-16.57.00:355][600]LogMemory:       5456         9        14        101         1004    4673    5440     538K       38K       50K     91.32%
[2015.12.23-16.57.00:355][600]LogMemory:       6544         9        12         75          905    5460    6537     479K       97K       38K     93.40%
[2015.12.23-16.57.00:355][600]LogMemory:       8192         9        11         61          963    6560    8192     488K       88K       36K     93.75%
[2015.12.23-16.57.00:355][600]LogMemory:       9360         6         6         35          104    8200    9360     319K       65K       23K     94.01%
[2015.12.23-16.57.00:355][600]LogMemory:      10912         4         5         22         1268    9408   10845     234K       22K       14K     94.53%
[2015.12.23-16.57.00:355][600]LogMemory:      13104         7        11         30         5459   11101   13056     383K       65K       32K     92.86%
[2015.12.23-16.57.00:355][600]LogMemory:      16384         7        10         26          763   13120   16384     416K       32K        7K     98.44%
[2015.12.23-16.57.00:355][600]LogMemory:      21840         8         9         17          105   16392   21556     362K      150K       61K     88.09%
[2015.12.23-16.57.00:355][600]LogMemory:      32768         6         8         11           77   21865   32640     352K       32K       77K     79.95%
[2015.12.23-16.57.00:355][600]LogMemory: 
[2015.12.23-16.57.00:355][600]LogMemory: 21440K allocated in pools (with 3306K slack and 1515K waste). Efficiency 92.93%
[2015.12.23-16.57.00:355][600]LogMemory: Allocations 130405 Current / 3509771 Total (in 335 pools)
[2015.12.23-16.57.00:355][600]LogMemory: 
[2015.12.23-16.57.00:371][600]LogLinker:Warning: CreateImport: Failed to load Outer for resource 'WidgetTree': WidgetBlueprint /Script/UMGEditor.Default__WidgetBlueprint
[2015.12.23-16.57.00:458][600]LogAIModule: Creating AISystem for world L_Island
[2015.12.23-16.57.00:458][600]LogWorld: Game class is 'BP_GameMode_C'
[2015.12.23-16.57.00:459][600]LogPhysics:Warning: AddBoxesToRigidActor: [/Game/Maps/TM_Outside.TM_Outside] BoxElems[25] invalid or has invalid transform
[2015.12.23-16.57.00:459][600]LogWorld: Bringing World /Game/Levels/L_Island.L_Island up for play (max tick rate 0) at 2015.12.23-11.57.00
[2015.12.23-16.57.00:460][600]LogWorld: Bringing up level for play took: 0.001252
[2015.12.23-16.57.03:718][705]Closing by request
[2015.12.23-16.57.03:718][705]LogWindows: FPlatformMisc::RequestExit(0)
[2015.12.23-16.57.03:907][706]LogWindowsTextInputMethodSystem:Display: IME system now deactivated.
[2015.12.23-16.57.03:907][706]LogWindowsTextInputMethodSystem:Display: IME system now deactivated.
[2015.12.23-16.57.04:100][706]LogExit: Preparing to exit.
[2015.12.23-16.57.04:158][706]LogExit: Game engine shut down
[2015.12.23-16.57.04:159][706]LogParticles: Destroying 0 GPU particle simulations for FXSystem 0x1038E930
[2015.12.23-16.57.04:247][706]LogExit: Object subsystem successfully closed.
[2015.12.23-16.57.04:251][706]LogD3D11RHI: Shutdown
[2015.12.23-16.57.04:251][706]LogD3D11RHI: CleanupD3DDevice
[2015.12.23-16.57.04:308][706]LogD3D11RHI: ~FD3D11DynamicRHI
[2015.12.23-16.57.04:308][706]LogModuleManager: Shutting down and abandoning module AutomationWorker (57)
[2015.12.23-16.57.04:308][706]LogModuleManager: Shutting down and abandoning module CharacterAI (56)
[2015.12.23-16.57.04:308][706]LogModuleManager: Shutting down and abandoning module AIModule (54)
[2015.12.23-16.57.04:308][706]LogModuleManager: Shutting down and abandoning module GameLiveStreaming (53)
[2015.12.23-16.57.04:308][706]LogModuleManager: Shutting down and abandoning module StreamingPauseRendering (52)
[2015.12.23-16.57.04:308][706]LogModuleManager: Shutting down and abandoning module AnalyticsET (51)
[2015.12.23-16.57.04:308][706]LogModuleManager: Shutting down and abandoning module Analytics (50)
[2015.12.23-16.57.04:308][706]LogModuleManager: Shutting down and abandoning module ProfilerService (49)
[2015.12.23-16.57.04:377][706]LogModuleManager: Shutting down and abandoning module TaskGraph (48)
[2015.12.23-16.57.04:377][706]LogModuleManager: Shutting down and abandoning module SlateRemote (47)
[2015.12.23-16.57.04:377][706]LogModuleManager: Shutting down and abandoning module SteamVRController (46)
[2015.12.23-16.57.04:377][706]LogModuleManager: Shutting down and abandoning module SteamVR (45)
[2015.12.23-16.57.04:377][706]LogModuleManager: Shutting down and abandoning module ProceduralMeshComponent (44)
[2015.12.23-16.57.04:377][706]LogModuleManager: Shutting down and abandoning module OculusLibrary (43)
[2015.12.23-16.57.04:377][706]LogModuleManager: Shutting down and abandoning module OculusInput (42)
[2015.12.23-16.57.04:377][706]LogModuleManager: Shutting down and abandoning module CustomMeshComponent (41)
[2015.12.23-16.57.04:377][706]LogModuleManager: Shutting down and abandoning module CableComponent (40)
[2015.12.23-16.57.04:377][706]LogModuleManager: Shutting down and abandoning module ArchVisCharacter (39)
[2015.12.23-16.57.04:377][706]LogModuleManager: Shutting down and abandoning module IS (38)
[2015.12.23-16.57.04:377][706]LogModuleManager: Shutting down and abandoning module UdpMessaging (37)
[2015.12.23-16.57.04:377][706]LogModuleManager: Shutting down and abandoning module LightPropagationVolumeRuntime (36)
[2015.12.23-16.57.04:377][706]LogModuleManager: Shutting down and abandoning module Paper2D (35)
[2015.12.23-16.57.04:377][706]LogModuleManager: Shutting down and abandoning module Media (34)
[2015.12.23-16.57.04:377][706]LogModuleManager: Shutting down and abandoning module WmfMedia (33)
[2015.12.23-16.57.04:377][706]LogModuleManager: Shutting down and abandoning module WindowsMoviePlayer (32)
[2015.12.23-16.57.04:378][706]LogModuleManager: Shutting down and abandoning module ImageWrapper (31)
[2015.12.23-16.57.04:378][706]LogModuleManager: Shutting down and abandoning module UMG (30)
[2015.12.23-16.57.04:378][706]LogModuleManager: Shutting down and abandoning module Slate (29)
[2015.12.23-16.57.04:378][706]LogModuleManager: Shutting down and abandoning module SessionServices (28)
[2015.12.23-16.57.04:378][706]LogModuleManager: Shutting down and abandoning module Messaging (27)
[2015.12.23-16.57.04:378][706]LogModuleManager: Shutting down and abandoning module HeadMountedDisplay (26)
[2015.12.23-16.57.04:378][706]LogModuleManager: Shutting down and abandoning module XAudio2 (25)
[2015.12.23-16.57.04:378][706]LogModuleManager: Shutting down and abandoning module Networking (23)
[2015.12.23-16.57.04:378][706]LogModuleManager: Shutting down and abandoning module Core (22)
[2015.12.23-16.57.04:378][706]LogModuleManager: Shutting down and abandoning module LeapMotionController (21)
[2015.12.23-16.57.04:405][706]LogModuleManager: Shutting down and abandoning module InputCore (20)
[2015.12.23-16.57.04:405][706]LogModuleManager: Shutting down and abandoning module OnlineSubsystem (18)
[2015.12.23-16.57.04:405][706]LogModuleManager: Shutting down and abandoning module HTTP (17)
[2015.12.23-16.57.06:407][706]LogModuleManager: Shutting down and abandoning module OculusRift (16)
[2015.12.23-16.57.06:408][706]LogModuleManager: Shutting down and abandoning module ExampleDeviceProfileSelector (15)
[2015.12.23-16.57.06:408][706]LogModuleManager: Shutting down and abandoning module ShaderCore (14)
[2015.12.23-16.57.06:408][706]LogModuleManager: Shutting down and abandoning module Landscape (13)
[2015.12.23-16.57.06:408][706]LogModuleManager: Shutting down and abandoning module SlateRHIRenderer (12)
[2015.12.23-16.57.06:408][706]LogModuleManager: Shutting down and abandoning module OpenGLDrv (11)
[2015.12.23-16.57.06:408][706]LogModuleManager: Shutting down and abandoning module D3D11RHI (10)
[2015.12.23-16.57.06:408][706]LogModuleManager: Shutting down and abandoning module AnimGraphRuntime (9)
[2015.12.23-16.57.06:408][706]LogModuleManager: Shutting down and abandoning module Renderer (8)
[2015.12.23-16.57.06:408][706]LogModuleManager: Shutting down and abandoning module Engine (7)
[2015.12.23-16.57.06:408][706]LogModuleManager: Shutting down and abandoning module CoreUObject (6)
[2015.12.23-16.57.06:408][706]LogModuleManager: Shutting down and abandoning module NetworkFile (5)
[2015.12.23-16.57.06:408][706]LogModuleManager: Shutting down and abandoning module StreamingFile (4)
[2015.12.23-16.57.06:408][706]LogModuleManager: Shutting down and abandoning module SandboxFile (3)
[2015.12.23-16.57.06:408][706]LogModuleManager: Shutting down and abandoning module PakFile (1)
[2015.12.23-16.57.06:409][706]LogExit: Exiting.
[2015.12.23-16.57.06:413][706]Log file closed, 12/23/15 11:57:06
