[2017.01.20-03.04.11:752][  0]Log file open, 01/19/17 22:04:11
[2017.01.20-03.04.11:752][  0]LogModuleManager:Warning: ModuleManager: Module 'HTTPChunkInstaller' not found - its StaticallyLinkedModuleInitializers function is null.
[2017.01.20-03.04.11:752][  0]LogPlatformFile: Not using cached read wrapper
[2017.01.20-03.04.11:752][  0]LogInit:Display: RandInit(-437330498) SRandInit(-437330498).
[2017.01.20-03.04.11:752][  0]LogTaskGraph: Started task graph with 4 named threads and 5 total threads.
[2017.01.20-03.04.11:752][  0]LogStats: Stats thread started at 0.062735
[2017.01.20-03.04.11:752][  0]LogInit: Version: 4.10.0-2758231+++depot+UE4-Releases+4.10
[2017.01.20-03.04.11:752][  0]LogInit: API Version: 2758231
[2017.01.20-03.04.11:752][  0]LogInit: Compiled (32-bit): Nov  7 2015 07:04:57
[2017.01.20-03.04.11:752][  0]LogInit: Compiled with Visual C++: 19.00.23026.00
[2017.01.20-03.04.11:752][  0]LogInit: Build Configuration: Development
[2017.01.20-03.04.11:752][  0]LogInit: Branch Name: ++depot+UE4-Releases+4.10
[2017.01.20-03.04.11:752][  0]LogInit: Command line: 
[2017.01.20-03.04.11:752][  0]LogInit: Base directory: C:/Users/Ryan/Documents/Millersville/Independent Study/Independent Study/IS/Binaries/Win32/
[2017.01.20-03.04.11:752][  0]LogInit: Rocket: 0
[2017.01.20-03.04.11:769][  0]LogInit: Using libcurl 7.41.0
[2017.01.20-03.04.11:769][  0]LogInit:  - built for i386-pc-win32
[2017.01.20-03.04.11:769][  0]LogInit:  - supports SSL with WinSSL
[2017.01.20-03.04.11:769][  0]LogInit:  - other features:
[2017.01.20-03.04.11:769][  0]LogInit:      CURL_VERSION_SSL
[2017.01.20-03.04.11:769][  0]LogInit:      CURL_VERSION_IPV6
[2017.01.20-03.04.11:769][  0]LogInit:      CURL_VERSION_ASYNCHDNS
[2017.01.20-03.04.11:769][  0]LogInit:      CURL_VERSION_LARGEFILE
[2017.01.20-03.04.11:769][  0]LogInit:      CURL_VERSION_IDN
[2017.01.20-03.04.11:769][  0]LogInit:  CurlRequestOptions (configurable via config and command line):
[2017.01.20-03.04.11:769][  0]LogInit:  - bVerifyPeer = true  - Libcurl will verify peer certificate
[2017.01.20-03.04.11:769][  0]LogInit:  - bUseHttpProxy = false  - Libcurl will NOT use HTTP proxy
[2017.01.20-03.04.11:769][  0]LogInit:  - bDontReuseConnections = false  - Libcurl will reuse connections
[2017.01.20-03.04.11:769][  0]LogInit:  - CertBundlePath = nullptr  - Libcurl will use whatever was configured at build time.
[2017.01.20-03.04.11:772][  0]LogInit: Presizing for 0 objects not considered by GC, pre-allocating 0 bytes.
[2017.01.20-03.04.11:779][  0]LogInit: Object subsystem initialized
[2017.01.20-03.04.11:784][  0]LogInit: Selected Device Profile: [WindowsNoEditor]
[2017.01.20-03.04.11:784][  0]LogInit: Applying CVar settings loaded from the selected device profile: [WindowsNoEditor]
[2017.01.20-03.04.11:795][  0]LogInit: Computer: THEGIANT
[2017.01.20-03.04.11:795][  0]LogInit: User: Ryan
[2017.01.20-03.04.11:795][  0]LogInit: CPU Page size=4096, Cores=2
[2017.01.20-03.04.11:795][  0]LogInit: High frequency timer resolution =2.338338 MHz
[2017.01.20-03.04.11:795][  0]LogMemory: Memory total: Physical=3.9GB (0GB approx) Virtual=4.0GB
[2017.01.20-03.04.11:795][  0]LogMemory: Platform Memory Stats for WindowsNoEditor
[2017.01.20-03.04.11:795][  0]LogMemory: Process Physical Memory: 31.23 MB used, 31.23 MB peak
[2017.01.20-03.04.11:795][  0]LogMemory: Process Virtual Memory: 49.71 MB used, 49.71 MB peak
[2017.01.20-03.04.11:795][  0]LogMemory: Physical Memory: 3543.44 MB used, 4026.15 MB total
[2017.01.20-03.04.11:795][  0]LogMemory: Virtual Memory: 220.01 MB used, 4095.88 MB total
[2017.01.20-03.04.11:831][  0]LogTextLocalizationManager: No specific translations for ('en-US') exist, so ('en') translations will be used.
[2017.01.20-03.04.12:006][  0]LogD3D11RHI: Found D3D11 adapter 0: Intel(R) HD Graphics Family (Feature Level 11_0)
[2017.01.20-03.04.12:006][  0]LogD3D11RHI: Adapter has 112MB of dedicated video memory, 0MB of dedicated system memory, and 2048MB of shared system memory, 1 output[s]
[2017.01.20-03.04.12:009][  0]LogD3D11RHI: Found D3D11 adapter 1: Microsoft Basic Render Driver (Feature Level 11_0)
[2017.01.20-03.04.12:009][  0]LogD3D11RHI: Adapter has 0MB of dedicated video memory, 0MB of dedicated system memory, and 4061MB of shared system memory, 0 output[s]
[2017.01.20-03.04.12:009][  0]LogD3D11RHI: Chosen D3D11 Adapter Id = 0
[2017.01.20-03.04.12:015][  0]LogD3D11RHI: !Direct3DDevice
[2017.01.20-03.04.12:015][  0]LogRHI: Texture pool is 78 MB (70% of 112 MB)
[2017.01.20-03.04.12:023][  0]LogD3D11RHI: Async texture creation enabled
[2017.01.20-03.04.12:105][  0]LogInit: Selected Device Profile: [WindowsNoEditor]
[2017.01.20-03.04.12:225][  0]LogInit: WinSock: version 1.1 (2.2), MaxSocks=32767, MaxUdp=65467
[2017.01.20-03.04.12:303][  0]LogWindowsMoviePlayer: Unable to load movie: ../../../IS/Content/Movies/Default_Startup.mp4
[2017.01.20-03.04.12:341][  0]LogObj: 23604 objects as part of root set at end of initial load.
[2017.01.20-03.04.12:341][  0]LogUObjectAllocator: 3323352 out of 0 bytes used by permanent object pool.
[2017.01.20-03.04.12:354][  0]LogEngine: Initializing Engine...
[2017.01.20-03.04.12:361][  0]LogHMD: Can't find Oculus library dev build: is proper Runtime installed? Version: 0.8.0.0
[2017.01.20-03.04.12:364][  0]LogHMD: SteamVR failed to initialize.  Err: 110
[2017.01.20-03.04.12:412][  0]LogInit: XAudio2 using 'Speakers (Realtek High Definition Audio)' : 2 channels at 48 kHz using 32 bits per sample (channel mask 0x3)
[2017.01.20-03.04.12:718][  0]LogInit: FAudioDevice initialized.
[2017.01.20-03.04.12:718][  0]LogInit: Texture streaming: Disabled
[2017.01.20-03.04.12:718][  0]LogAnalytics: Creating configured Analytics provider AnalyticsET
[2017.01.20-03.04.12:718][  0]LogAnalytics: [UEGame.UnrealEngine.Release|A9B626D84F558997D589F4838651B3BF|Independent Study] APIServer = http://et2.epicgames.com/ET2/. AppVersion = 4.10.0-2758231+++depot+UE4-Releases+4.10
[2017.01.20-03.04.12:718][  0]LogAnalytics: [UEGame.UnrealEngine.Release|A9B626D84F558997D589F4838651B3BF|Independent Study] SetUserId ANON-{25D649A8-49CC-0078-934C-56BC89DBE87B}
[2017.01.20-03.04.12:718][  0]LogAnalytics: [UEGame.UnrealEngine.Release|A9B626D84F558997D589F4838651B3BF|Independent Study] AnalyticsET::StartSession
[2017.01.20-03.04.12:734][  0]LogLinker:Warning: CreateImport: Failed to load Outer for resource 'WidgetTree': WidgetBlueprint /Script/UMGEditor.Default__WidgetBlueprint
[2017.01.20-03.04.12:735][  0]LogLinker:Warning: CreateImport: Failed to load Outer for resource 'WidgetTree': WidgetBlueprint /Script/UMGEditor.Default__WidgetBlueprint
[2017.01.20-03.04.12:737][  0]LogLinker:Warning: CreateImport: Failed to load Outer for resource 'WidgetTree': WidgetBlueprint /Script/UMGEditor.Default__WidgetBlueprint
[2017.01.20-03.04.12:748][  0]LogNet: Browse: /Game/Levels/L_Island?Name=Player
[2017.01.20-03.04.12:749][  0]LogLoad: LoadMap: /Game/Levels/L_Island?Name=Player
[2017.01.20-03.04.12:760][  0]LogParticles: Destroying 0 GPU particle simulations for FXSystem 0x12F1C1D0
[2017.01.20-03.04.12:771][  0]LogMemory: Platform Memory Stats for WindowsNoEditor
[2017.01.20-03.04.12:771][  0]LogMemory: Process Physical Memory: 124.98 MB used, 125.96 MB peak
[2017.01.20-03.04.12:771][  0]LogMemory: Process Virtual Memory: 143.25 MB used, 146.21 MB peak
[2017.01.20-03.04.12:771][  0]LogMemory: Physical Memory: 3664.26 MB used, 4026.15 MB total
[2017.01.20-03.04.12:771][  0]LogMemory: Virtual Memory: 501.16 MB used, 4095.88 MB total
[2017.01.20-03.04.12:771][  0]LogMemory: 
[2017.01.20-03.04.12:771][  0]LogMemory: Allocator Stats for binned:
[2017.01.20-03.04.12:771][  0]LogMemory: Current Memory 38.99 MB used, plus 3.18 MB waste
[2017.01.20-03.04.12:771][  0]LogMemory: Peak Memory 44.56 MB used, plus 2.06 MB waste
[2017.01.20-03.04.12:771][  0]LogMemory: Current OS Memory 42.16 MB, peak 46.63 MB
[2017.01.20-03.04.12:771][  0]LogMemory: Current Waste 0.54 MB, peak 0.84 MB
[2017.01.20-03.04.12:771][  0]LogMemory: Current Used 38.99 MB, peak 44.56 MB
[2017.01.20-03.04.12:771][  0]LogMemory: Current Slack 1.26 MB
[2017.01.20-03.04.12:771][  0]LogMemory: Allocs       123542 Current /  1226518 Total
[2017.01.20-03.04.12:782][  0]LogMemory: 
[2017.01.20-03.04.12:782][  0]LogMemory: Block Size Num Pools Max Pools Cur Allocs Total Allocs Min Req Max Req Mem Used Mem Slack Mem Waste Efficiency
[2017.01.20-03.04.12:782][  0]LogMemory: ---------- --------- --------- ---------- ------------ ------- ------- -------- --------- --------- ----------
[2017.01.20-03.04.12:782][  0]LogMemory:          8         1         1       5374       241536       8       8      41K       23K        0K    100.00%
[2017.01.20-03.04.12:782][  0]LogMemory:         16         7         7      26212       101202       9      16     409K       39K       18K     95.98%
[2017.01.20-03.04.12:782][  0]LogMemory:         32         5         5       8641        28935      17      32     270K       50K       55K     82.81%
[2017.01.20-03.04.12:782][  0]LogMemory:         48        15        15      18970        61031      33      48     889K       71K       77K     91.98%
[2017.01.20-03.04.12:782][  0]LogMemory:         64        11        11      10896        79451      49      64     681K       23K       85K     87.93%
[2017.01.20-03.04.12:782][  0]LogMemory:         80         7         7       5252        57920      65      80     410K       38K       36K     91.96%
[2017.01.20-03.04.12:782][  0]LogMemory:         96        28        28      19045        52620      81      96    1785K        6K       88K     95.09%
[2017.01.20-03.04.12:782][  0]LogMemory:        112         8        12       3829        34558      97     112     418K       94K       21K     95.90%
[2017.01.20-03.04.12:782][  0]LogMemory:        128        11        11       5300        31487     114     128     662K       42K       33K     95.31%
[2017.01.20-03.04.12:782][  0]LogMemory:        160         5         5       1696        70533     129     160     265K       55K       22K     93.13%
[2017.01.20-03.04.12:782][  0]LogMemory:        192         5         5       1626       143185     161     192     304K       16K       20K     93.75%
[2017.01.20-03.04.12:782][  0]LogMemory:        224         3         3        803       119062     193     224     175K       17K       13K     93.23%
[2017.01.20-03.04.12:782][  0]LogMemory:        256        20        36       5006        75203     226     256    1251K       29K       74K     94.22%
[2017.01.20-03.04.12:782][  0]LogMemory:        288        17        17       3702        56164     257     288    1041K       45K       43K     96.05%
[2017.01.20-03.04.12:782][  0]LogMemory:        320         4         4        628        15100     290     320     196K       59K       10K     96.09%
[2017.01.20-03.04.12:782][  0]LogMemory:        384         9         9       1410        20098     321     384     528K       46K       46K     92.01%
[2017.01.20-03.04.12:782][  0]LogMemory:        448         6         6        696         9211     385     448     304K       80K       16K     95.83%
[2017.01.20-03.04.12:782][  0]LogMemory:        512         5         5        631         5173     449     512     315K        5K       24K     92.50%
[2017.01.20-03.04.12:782][  0]LogMemory:        576        12        13        952         4496     513     576     535K      228K       22K     97.14%
[2017.01.20-03.04.12:782][  0]LogMemory:        640         7         7        454         1163     577     640     283K      164K       13K     97.10%
[2017.01.20-03.04.12:782][  0]LogMemory:        704         5         5        303         1080     641     704     208K      112K       10K     96.88%
[2017.01.20-03.04.12:782][  0]LogMemory:        768         2         2         76          194     705     768      57K       71K        2K     98.44%
[2017.01.20-03.04.12:782][  0]LogMemory:        896         2         3        126          393     769     896     110K       18K        8K     93.75%
[2017.01.20-03.04.12:782][  0]LogMemory:       1024         3         4        154         2660     897    1024     154K       38K        5K     97.40%
[2017.01.20-03.04.12:782][  0]LogMemory:       1168         7         7        334         1017    1025    1168     380K       68K       19K     95.76%
[2017.01.20-03.04.12:782][  0]LogMemory:       1360         3         3        115          332    1171    1360     152K       40K       11K     94.27%
[2017.01.20-03.04.12:782][  0]LogMemory:       1632         6         6        112         2569    1361    1632     178K      205K        9K     97.66%
[2017.01.20-03.04.12:782][  0]LogMemory:       2048         8         8        214          688    1633    2048     428K       84K       47K     90.82%
[2017.01.20-03.04.12:782][  0]LogMemory:       2336         4         4         87         1593    2050    2333     198K       58K       22K     91.41%
[2017.01.20-03.04.12:782][  0]LogMemory:       2720         4         4         70         1563    2337    2718     185K       70K       21K     91.80%
[2017.01.20-03.04.12:782][  0]LogMemory:       3264         5         7         83          964    2721    3264     264K       55K       15K     95.31%
[2017.01.20-03.04.12:782][  0]LogMemory:       4096        12        14        156         1784    3265    4096     624K      144K       82K     89.32%
[2017.01.20-03.04.12:782][  0]LogMemory:       4672        13        15        145          481    4104    4666     661K      170K       51K     93.87%
[2017.01.20-03.04.12:782][  0]LogMemory:       5456         9        14         94          976    4673    5440     500K       76K       47K     91.84%
[2017.01.20-03.04.12:782][  0]LogMemory:       6544         9        12         74          278    5465    6537     472K      104K       41K     92.88%
[2017.01.20-03.04.12:782][  0]LogMemory:       8192         9        10         66          905    6560    8192     528K       48K       39K     93.23%
[2017.01.20-03.04.12:782][  0]LogMemory:       9360         6         6         37           86    8200    9360     338K       46K       26K     93.23%
[2017.01.20-03.04.12:782][  0]LogMemory:      10912         4         5         23           57    9408   10845     245K       11K       21K     91.80%
[2017.01.20-03.04.12:782][  0]LogMemory:      13104         5         6         25           72   11101   13056     319K        1K       26K     91.88%
[2017.01.20-03.04.12:782][  0]LogMemory:      16384         7        10         26          139   13120   16384     416K       32K       28K     93.75%
[2017.01.20-03.04.12:782][  0]LogMemory:      21840         6         8         16           68   16392   21556     341K       43K       56K     85.42%
[2017.01.20-03.04.12:782][  0]LogMemory:      32768         7         8         11           65   21865   32640     352K       96K       75K     83.26%
[2017.01.20-03.04.12:782][  0]LogMemory: 
[2017.01.20-03.04.12:782][  0]LogMemory: 20608K allocated in pools (with 2720K slack and 1377K waste). Efficiency 93.32%
[2017.01.20-03.04.12:782][  0]LogMemory: Allocations 123471 Current / 1226093 Total (in 322 pools)
[2017.01.20-03.04.12:782][  0]LogMemory: 
[2017.01.20-03.04.12:802][  0]LogLinker:Warning: CreateImport: Failed to load Outer for resource 'WidgetTree': WidgetBlueprint /Script/UMGEditor.Default__WidgetBlueprint
[2017.01.20-03.04.12:907][  0]LogModuleManager:Warning: ModuleManager: Module 'GameplayDebugger' not found - its StaticallyLinkedModuleInitializers function is null.
[2017.01.20-03.04.12:907][  0]LogAIModule: Creating AISystem for world L_Island
[2017.01.20-03.04.12:907][  0]LogWorld: Game class is 'BP_GameMode_C'
[2017.01.20-03.04.12:908][  0]LogPhysics:Warning: AddBoxesToRigidActor: [/Game/Maps/TM_Outside.TM_Outside] BoxElems[25] invalid or has invalid transform
[2017.01.20-03.04.12:909][  0]LogWorld: Bringing World /Game/Levels/L_Island.L_Island up for play (max tick rate 0) at 2017.01.19-22.04.12
[2017.01.20-03.04.12:909][  0]LogWorld: Bringing up level for play took: 0.001954
[2017.01.20-03.04.12:915][  0]LogInit:Display: Game Engine Initialized.
[2017.01.20-03.04.13:116][  0]LogLoad: Full Startup: 1.76 seconds (BP compile: 0.00 seconds)
[2017.01.20-03.04.13:143][  0]LogOcInput: Can't find Oculus library dev build: is proper Runtime installed? Version: 0.8.0.0
[2017.01.20-03.04.13:265][  2]LogRenderer: Reallocating scene render targets to support 1600x900 (Frame:2).
[2017.01.20-03.04.21:328][165]LogPackageName: SearchForPackageOnDisk took   0.314s to resolve L_Main.umap.
[2017.01.20-03.04.21:634][166]LogPackageName: SearchForPackageOnDisk took   0.305s to resolve L_Main.umap.
[2017.01.20-03.04.21:634][166]LogNet: Browse: /Game/Levels/L_Main
[2017.01.20-03.04.21:634][166]LogLoad: LoadMap: /Game/Levels/L_Main
[2017.01.20-03.04.21:651][166]LogParticles: Destroying 0 GPU particle simulations for FXSystem 0x106DAE90
[2017.01.20-03.04.21:666][166]LogMemory: Platform Memory Stats for WindowsNoEditor
[2017.01.20-03.04.21:666][166]LogMemory: Process Physical Memory: 146.82 MB used, 160.26 MB peak
[2017.01.20-03.04.21:666][166]LogMemory: Process Virtual Memory: 166.24 MB used, 173.37 MB peak
[2017.01.20-03.04.21:666][166]LogMemory: Physical Memory: 3857.97 MB used, 4026.15 MB total
[2017.01.20-03.04.21:666][166]LogMemory: Virtual Memory: 578.61 MB used, 4095.88 MB total
[2017.01.20-03.04.21:666][166]LogMemory: 
[2017.01.20-03.04.21:668][166]LogMemory: Allocator Stats for binned:
[2017.01.20-03.04.21:668][166]LogMemory: Current Memory 43.71 MB used, plus 3.70 MB waste
[2017.01.20-03.04.21:668][166]LogMemory: Peak Memory 51.81 MB used, plus 2.64 MB waste
[2017.01.20-03.04.21:668][166]LogMemory: Current OS Memory 47.41 MB, peak 54.45 MB
[2017.01.20-03.04.21:668][166]LogMemory: Current Waste 0.63 MB, peak 0.84 MB
[2017.01.20-03.04.21:668][166]LogMemory: Current Used 43.71 MB, peak 51.81 MB
[2017.01.20-03.04.21:668][166]LogMemory: Current Slack 1.59 MB
[2017.01.20-03.04.21:668][166]LogMemory: Allocs       127578 Current /  2321276 Total
[2017.01.20-03.04.21:668][166]LogMemory: 
[2017.01.20-03.04.21:668][166]LogMemory: Block Size Num Pools Max Pools Cur Allocs Total Allocs Min Req Max Req Mem Used Mem Slack Mem Waste Efficiency
[2017.01.20-03.04.21:668][166]LogMemory: ---------- --------- --------- ---------- ------------ ------- ------- -------- --------- --------- ----------
[2017.01.20-03.04.21:668][166]LogMemory:          8         1         1       5500       563037       8       8      42K       22K        0K    100.00%
[2017.01.20-03.04.21:668][166]LogMemory:         16         7         7      28380       134544       9      16     443K        5K       18K     95.98%
[2017.01.20-03.04.21:668][166]LogMemory:         32         5         5       9166        75018      17      32     286K       34K       55K     82.81%
[2017.01.20-03.04.21:668][166]LogMemory:         48        16        16      19175        82663      33      48     898K      126K       80K     92.19%
[2017.01.20-03.04.21:668][166]LogMemory:         64        12        12      11132       184652      49      64     695K       73K       92K     88.02%
[2017.01.20-03.04.21:668][166]LogMemory:         80         7         7       5378       132748      65      80     420K       28K       34K     92.41%
[2017.01.20-03.04.21:668][166]LogMemory:         96        30        30      19138       123360      81      96    1794K      125K      126K     93.44%
[2017.01.20-03.04.21:668][166]LogMemory:        112         8        12       3933        76905      97     112     430K       82K       27K     94.73%
[2017.01.20-03.04.21:668][166]LogMemory:        128        11        12       5318        76015     114     128     664K       40K       35K     95.03%
[2017.01.20-03.04.21:668][166]LogMemory:        160         5         6       1809       137952     129     160     282K       38K       28K     91.25%
[2017.01.20-03.04.21:668][166]LogMemory:        192         6         6       1641       179171     161     192     307K       77K       19K     95.05%
[2017.01.20-03.04.21:668][166]LogMemory:        224         3         4        832       191241     193     224     182K       10K       12K     93.75%
[2017.01.20-03.04.21:668][166]LogMemory:        256        21        36       5057       137385     225     256    1264K       80K       88K     93.45%
[2017.01.20-03.04.21:668][166]LogMemory:        288        18        18       3745       113957     257     288    1053K       97K       38K     96.70%
[2017.01.20-03.04.21:668][166]LogMemory:        320         4         4        633        16726     290     320     197K       58K       10K     96.09%
[2017.01.20-03.04.21:668][166]LogMemory:        384         9         9       1417        23026     321     384     531K       43K       46K     92.01%
[2017.01.20-03.04.21:668][166]LogMemory:        448         6         6        708        14663     385     448     309K       75K       16K     95.83%
[2017.01.20-03.04.21:668][166]LogMemory:        512         6         6        647        22678     449     512     323K       61K       25K     93.49%
[2017.01.20-03.04.21:668][166]LogMemory:        576        12        13        956         5638     513     576     537K      226K       28K     96.35%
[2017.01.20-03.04.21:668][166]LogMemory:        640         7         7        459         1188     577     640     286K      161K       13K     97.10%
[2017.01.20-03.04.21:668][166]LogMemory:        704         5         5        311         1413     641     704     213K      107K        8K     97.50%
[2017.01.20-03.04.21:668][166]LogMemory:        768         2         2         75          400     705     768      56K       72K        1K     99.22%
[2017.01.20-03.04.21:668][166]LogMemory:        896         3         3        140         3046     769     896     122K       70K       11K     94.27%
[2017.01.20-03.04.21:668][166]LogMemory:       1024         3         4        165         3458     897    1024     165K       27K        7K     96.35%
[2017.01.20-03.04.21:668][166]LogMemory:       1168         7        11        330         1341    1025    1168     376K       72K       17K     96.21%
[2017.01.20-03.04.21:668][166]LogMemory:       1360         3         4        119          550    1170    1360     158K       34K       10K     94.79%
[2017.01.20-03.04.21:668][166]LogMemory:       1632         8         9        124         3246    1361    1632     197K      313K       12K     97.66%
[2017.01.20-03.04.21:668][166]LogMemory:       2048         8         8        229         1307    1633    2048     458K       54K       65K     87.30%
[2017.01.20-03.04.21:668][166]LogMemory:       2336         4         5         87         1833    2050    2333     198K       58K       21K     91.80%
[2017.01.20-03.04.21:668][166]LogMemory:       2720         4         4         73         2079    2337    2718     193K       62K       20K     92.19%
[2017.01.20-03.04.21:668][166]LogMemory:       3264         5         7         84         1313    2721    3264     267K       52K       22K     93.13%
[2017.01.20-03.04.21:669][166]LogMemory:       4096        12        14        159         1806    3265    4096     636K      132K       84K     89.06%
[2017.01.20-03.04.21:669][166]LogMemory:       4672        13        15        162          531    4104    4666     739K       92K       59K     92.91%
[2017.01.20-03.04.21:669][166]LogMemory:       5456         9        14         98          992    4673    5440     522K       54K       49K     91.49%
[2017.01.20-03.04.21:669][166]LogMemory:       6544         9        12         75          462    5465    6537     479K       97K       40K     93.06%
[2017.01.20-03.04.21:669][166]LogMemory:       8192         9        11         64          935    6560    8192     512K       64K       38K     93.40%
[2017.01.20-03.04.21:669][166]LogMemory:       9360         6         6         35           93    8200    9360     319K       65K       24K     93.75%
[2017.01.20-03.04.21:669][166]LogMemory:      10912         4         5         22          395    9408   10845     234K       22K       15K     94.14%
[2017.01.20-03.04.21:669][166]LogMemory:      13104         6        11         29         1764   11101   13056     371K       13K       31K     91.93%
[2017.01.20-03.04.21:669][166]LogMemory:      16384         7        10         26          318   13120   16384     416K       32K       15K     96.65%
[2017.01.20-03.04.21:669][166]LogMemory:      21840         8         9         17           88   16392   21556     362K      150K       61K     88.09%
[2017.01.20-03.04.21:669][166]LogMemory:      32768         7         8         12           74   21865   32640     384K       64K       83K     81.47%
[2017.01.20-03.04.21:669][166]LogMemory: 
[2017.01.20-03.04.21:669][166]LogMemory: 21504K allocated in pools (with 3167K slack and 1483K waste). Efficiency 93.10%
[2017.01.20-03.04.21:669][166]LogMemory: Allocations 127461 Current / 2320012 Total (in 336 pools)
[2017.01.20-03.04.21:669][166]LogMemory: 
[2017.01.20-03.04.21:787][166]LogLinker:Warning: CreateImport: Failed to load Outer for resource 'WidgetTree': WidgetBlueprint /Script/UMGEditor.Default__WidgetBlueprint
[2017.01.20-03.04.21:863][166]LogAIModule: Creating AISystem for world L_Main
[2017.01.20-03.04.21:863][166]LogWorld: Game class is 'BP_GameMode_C'
[2017.01.20-03.04.21:864][166]LogWorld: Bringing World /Game/Levels/L_Main.L_Main up for play (max tick rate 0) at 2017.01.19-22.04.21
[2017.01.20-03.04.21:865][166]LogWorld: Bringing up level for play took: 0.001224
[2017.01.20-03.04.24:427][216]LogPackageName: SearchForPackageOnDisk took   0.319s to resolve L_BlueBlobs.umap.
[2017.01.20-03.04.24:735][217]LogPackageName: SearchForPackageOnDisk took   0.307s to resolve L_BlueBlobs.umap.
[2017.01.20-03.04.24:735][217]LogNet: Browse: /Game/Levels/L_BlueBlobs
[2017.01.20-03.04.24:735][217]LogLoad: LoadMap: /Game/Levels/L_BlueBlobs
[2017.01.20-03.04.24:754][217]LogParticles: Destroying 0 GPU particle simulations for FXSystem 0x106DB670
[2017.01.20-03.04.24:771][217]LogMemory: Platform Memory Stats for WindowsNoEditor
[2017.01.20-03.04.24:771][217]LogMemory: Process Physical Memory: 144.88 MB used, 164.55 MB peak
[2017.01.20-03.04.24:771][217]LogMemory: Process Virtual Memory: 166.41 MB used, 175.79 MB peak
[2017.01.20-03.04.24:771][217]LogMemory: Physical Memory: 3931.05 MB used, 4026.15 MB total
[2017.01.20-03.04.24:771][217]LogMemory: Virtual Memory: 594.39 MB used, 4095.88 MB total
[2017.01.20-03.04.24:771][217]LogMemory: 
[2017.01.20-03.04.24:772][217]LogMemory: Allocator Stats for binned:
[2017.01.20-03.04.24:772][217]LogMemory: Current Memory 43.52 MB used, plus 3.70 MB waste
[2017.01.20-03.04.24:772][217]LogMemory: Peak Memory 51.81 MB used, plus 2.64 MB waste
[2017.01.20-03.04.24:772][217]LogMemory: Current OS Memory 47.23 MB, peak 54.45 MB
[2017.01.20-03.04.24:772][217]LogMemory: Current Waste 0.64 MB, peak 0.84 MB
[2017.01.20-03.04.24:772][217]LogMemory: Current Used 43.52 MB, peak 51.81 MB
[2017.01.20-03.04.24:772][217]LogMemory: Current Slack 1.55 MB
[2017.01.20-03.04.24:772][217]LogMemory: Allocs       128698 Current /  3310971 Total
[2017.01.20-03.04.24:772][217]LogMemory: 
[2017.01.20-03.04.24:772][217]LogMemory: Block Size Num Pools Max Pools Cur Allocs Total Allocs Min Req Max Req Mem Used Mem Slack Mem Waste Efficiency
[2017.01.20-03.04.24:772][217]LogMemory: ---------- --------- --------- ---------- ------------ ------- ------- -------- --------- --------- ----------
[2017.01.20-03.04.24:772][217]LogMemory:          8         1         1       5505       877968       8       8      43K       21K        0K    100.00%
[2017.01.20-03.04.24:772][217]LogMemory:         16         8         8      29237       148932       9      16     456K       56K       18K     96.48%
[2017.01.20-03.04.24:772][217]LogMemory:         32         5         5       9216        93330      17      32     288K       32K       59K     81.56%
[2017.01.20-03.04.24:772][217]LogMemory:         48        16        16      19170       110954      33      48     898K      126K       99K     90.33%
[2017.01.20-03.04.24:772][217]LogMemory:         64        12        12      11146       282745      49      64     696K       72K       95K     87.63%
[2017.01.20-03.04.24:772][217]LogMemory:         80         7         7       5395       188543      65      80     421K       27K       33K     92.63%
[2017.01.20-03.04.24:772][217]LogMemory:         96        30        30      19143       190855      81      96    1794K      125K      137K     92.86%
[2017.01.20-03.04.24:772][217]LogMemory:        112         8        12       3945       117659      97     112     431K       81K       29K     94.34%
[2017.01.20-03.04.24:772][217]LogMemory:        128        11        12       5320       118765     114     128     665K       39K       35K     95.03%
[2017.01.20-03.04.24:772][217]LogMemory:        160         6         6       1899       203439     129     160     296K       88K       31K     91.93%
[2017.01.20-03.04.24:772][217]LogMemory:        192         5         6       1640       213106     161     192     307K       13K       19K     94.06%
[2017.01.20-03.04.24:772][217]LogMemory:        224         3         4        830       256077     193     224     181K       11K       12K     93.75%
[2017.01.20-03.04.24:772][217]LogMemory:        256        21        36       5140       197677     225     256    1285K       59K       95K     92.93%
[2017.01.20-03.04.24:772][217]LogMemory:        288        18        18       3749       170158     257     288    1054K       96K       37K     96.79%
[2017.01.20-03.04.24:772][217]LogMemory:        320         4         4        632        17109     290     320     197K       58K       10K     96.09%
[2017.01.20-03.04.24:772][217]LogMemory:        384         9        10       1416        24325     321     384     531K       43K       46K     92.01%
[2017.01.20-03.04.24:772][217]LogMemory:        448         6         6        709        19641     385     448     310K       74K       15K     96.09%
[2017.01.20-03.04.24:772][217]LogMemory:        512         6         6        647        39564     449     512     323K       61K       25K     93.49%
[2017.01.20-03.04.24:772][217]LogMemory:        576        12        13        957         6210     513     576     538K      225K       30K     96.09%
[2017.01.20-03.04.24:772][217]LogMemory:        640         7         7        458         1207     577     640     286K      161K       13K     97.10%
[2017.01.20-03.04.24:772][217]LogMemory:        704         5         5        310         1525     641     704     213K      107K        8K     97.50%
[2017.01.20-03.04.24:772][217]LogMemory:        768         2         2         75          484     705     768      56K       72K        1K     99.22%
[2017.01.20-03.04.24:772][217]LogMemory:        896         3         3        141         3652     769     896     123K       69K       12K     93.75%
[2017.01.20-03.04.24:772][217]LogMemory:       1024         3         4        165         4006     897    1024     165K       27K        8K     95.83%
[2017.01.20-03.04.24:772][217]LogMemory:       1168         7        11        330         1629    1025    1168     376K       72K       16K     96.43%
[2017.01.20-03.04.24:772][217]LogMemory:       1360         3         4        116          575    1170    1360     154K       38K        9K     95.31%
[2017.01.20-03.04.24:772][217]LogMemory:       1632         8         9        123         3551    1361    1632     196K      314K       11K     97.85%
[2017.01.20-03.04.24:772][217]LogMemory:       2048         8         8        229         1735    1633    2048     458K       54K       70K     86.33%
[2017.01.20-03.04.24:772][217]LogMemory:       2336         4         5         84         1895    2050    2333     191K       65K       20K     92.19%
[2017.01.20-03.04.24:772][217]LogMemory:       2720         4         4         75         2473    2337    2718     199K       56K       19K     92.58%
[2017.01.20-03.04.24:772][217]LogMemory:       3264         5         7         83         1436    2721    3264     264K       55K       23K     92.81%
[2017.01.20-03.04.24:772][217]LogMemory:       4096        12        14        160         1820    3265    4096     640K      128K       84K     89.06%
[2017.01.20-03.04.24:772][217]LogMemory:       4672        13        15        162          551    4104    4666     739K       92K       59K     92.91%
[2017.01.20-03.04.24:772][217]LogMemory:       5456         9        14        100         1005    4673    5440     532K       44K       50K     91.32%
[2017.01.20-03.04.24:772][217]LogMemory:       6544         9        12         75          523    5465    6537     479K       97K       39K     93.23%
[2017.01.20-03.04.24:772][217]LogMemory:       8192         9        11         61          956    6560    8192     488K       88K       36K     93.75%
[2017.01.20-03.04.24:772][217]LogMemory:       9360         6         6         35          103    8200    9360     319K       65K       23K     94.01%
[2017.01.20-03.04.24:772][217]LogMemory:      10912         4         5         22          504    9408   10845     234K       22K       15K     94.14%
[2017.01.20-03.04.24:772][217]LogMemory:      13104         6        11         29         2188   11101   13056     371K       13K       31K     91.93%
[2017.01.20-03.04.24:772][217]LogMemory:      16384         7        10         26          380   13120   16384     416K       32K       14K     96.88%
[2017.01.20-03.04.24:772][217]LogMemory:      21840         8         9         17          105   16392   21556     362K      150K       61K     88.09%
[2017.01.20-03.04.24:772][217]LogMemory:      32768         6         8         11           77   21865   32640     352K       32K       77K     79.95%
[2017.01.20-03.04.24:772][217]LogMemory: 
[2017.01.20-03.04.24:772][217]LogMemory: 21504K allocated in pools (with 3160K slack and 1524K waste). Efficiency 92.91%
[2017.01.20-03.04.24:772][217]LogMemory: Allocations 128584 Current / 3309438 Total (in 336 pools)
[2017.01.20-03.04.24:772][217]LogMemory: 
[2017.01.20-03.04.24:891][217]LogLinker:Warning: CreateImport: Failed to load Outer for resource 'WidgetTree': WidgetBlueprint /Script/UMGEditor.Default__WidgetBlueprint
[2017.01.20-03.04.25:010][217]LogAIModule: Creating AISystem for world L_BlueBlobs
[2017.01.20-03.04.25:010][217]LogWorld: Game class is 'BP_GameMode_C'
[2017.01.20-03.04.25:012][217]LogPhysics:Warning: AddBoxesToRigidActor: [/Game/Maps/TM_Grass2.TM_Grass2] BoxElems[1] invalid or has invalid transform
[2017.01.20-03.04.25:013][217]LogWorld: Bringing World /Game/Levels/L_BlueBlobs.L_BlueBlobs up for play (max tick rate 0) at 2017.01.19-22.04.25
[2017.01.20-03.04.25:013][217]LogWorld: Bringing up level for play took: 0.002350
[2017.01.20-03.04.55:844][862]LogPackageName: SearchForPackageOnDisk took   0.319s to resolve L_Main.umap.
[2017.01.20-03.04.56:152][863]LogPackageName: SearchForPackageOnDisk took   0.307s to resolve L_Main.umap.
[2017.01.20-03.04.56:152][863]LogNet: Browse: /Game/Levels/L_Main
[2017.01.20-03.04.56:152][863]LogLoad: LoadMap: /Game/Levels/L_Main
[2017.01.20-03.04.56:172][863]LogParticles: Destroying 0 GPU particle simulations for FXSystem 0x106DB7C0
[2017.01.20-03.04.56:190][863]LogMemory: Platform Memory Stats for WindowsNoEditor
[2017.01.20-03.04.56:190][863]LogMemory: Process Physical Memory: 142.60 MB used, 164.55 MB peak
[2017.01.20-03.04.56:190][863]LogMemory: Process Virtual Memory: 164.02 MB used, 175.79 MB peak
[2017.01.20-03.04.56:190][863]LogMemory: Physical Memory: 3880.43 MB used, 4026.15 MB total
[2017.01.20-03.04.56:190][863]LogMemory: Virtual Memory: 593.21 MB used, 4095.88 MB total
[2017.01.20-03.04.56:190][863]LogMemory: 
[2017.01.20-03.04.56:191][863]LogMemory: Allocator Stats for binned:
[2017.01.20-03.04.56:191][863]LogMemory: Current Memory 43.61 MB used, plus 3.69 MB waste
[2017.01.20-03.04.56:191][863]LogMemory: Peak Memory 51.81 MB used, plus 2.64 MB waste
[2017.01.20-03.04.56:191][863]LogMemory: Current OS Memory 47.30 MB, peak 54.45 MB
[2017.01.20-03.04.56:191][863]LogMemory: Current Waste 0.65 MB, peak 0.84 MB
[2017.01.20-03.04.56:191][863]LogMemory: Current Used 43.61 MB, peak 51.81 MB
[2017.01.20-03.04.56:191][863]LogMemory: Current Slack 1.52 MB
[2017.01.20-03.04.56:191][863]LogMemory: Allocs       131823 Current /  4609931 Total
[2017.01.20-03.04.56:191][863]LogMemory: 
[2017.01.20-03.04.56:191][863]LogMemory: Block Size Num Pools Max Pools Cur Allocs Total Allocs Min Req Max Req Mem Used Mem Slack Mem Waste Efficiency
[2017.01.20-03.04.56:191][863]LogMemory: ---------- --------- --------- ---------- ------------ ------- ------- -------- --------- --------- ----------
[2017.01.20-03.04.56:191][863]LogMemory:          8         1         1       5506      1203736       8       8      43K       21K        0K    100.00%
[2017.01.20-03.04.56:191][863]LogMemory:         16         9         9      32508       232395       9      16     507K       69K       16K     97.22%
[2017.01.20-03.04.56:191][863]LogMemory:         32         5         5       9235       189240      17      32     288K       32K       48K     85.00%
[2017.01.20-03.04.56:191][863]LogMemory:         48        16        16      19183       136126      33      48     899K      125K       97K     90.53%
[2017.01.20-03.04.56:191][863]LogMemory:         64        12        12      11151       395757      49      64     696K       72K       93K     87.89%
[2017.01.20-03.04.56:191][863]LogMemory:         80         7         7       5407       307522      65      80     422K       26K       34K     92.41%
[2017.01.20-03.04.56:191][863]LogMemory:         96        30        30      19150       263709      81      96    1795K      124K      141K     92.66%
[2017.01.20-03.04.56:191][863]LogMemory:        112         8        12       3947       159094      97     112     431K       81K       29K     94.34%
[2017.01.20-03.04.56:191][863]LogMemory:        128        11        12       5325       165761     114     128     665K       39K       36K     94.89%
[2017.01.20-03.04.56:191][863]LogMemory:        160         5         6       1792       271914     129     160     280K       40K       30K     90.63%
[2017.01.20-03.04.56:192][863]LogMemory:        192         5         6       1643       250704     161     192     308K       12K       18K     94.38%
[2017.01.20-03.04.56:192][863]LogMemory:        224         3         4        829       336992     193     224     181K       11K       12K     93.75%
[2017.01.20-03.04.56:192][863]LogMemory:        256        20        36       5029       259889     225     256    1257K       23K       96K     92.50%
[2017.01.20-03.04.56:192][863]LogMemory:        288        18        18       3751       233082     257     288    1054K       96K       37K     96.79%
[2017.01.20-03.04.56:192][863]LogMemory:        320         4         4        632        18806     290     320     197K       58K        9K     96.48%
[2017.01.20-03.04.56:192][863]LogMemory:        384         9        10       1419        28371     321     384     532K       42K       46K     92.01%
[2017.01.20-03.04.56:192][863]LogMemory:        448         6         6        709        25262     385     448     310K       74K       16K     95.83%
[2017.01.20-03.04.56:192][863]LogMemory:        512         6         6        643        58805     449     512     321K       63K       24K     93.75%
[2017.01.20-03.04.56:192][863]LogMemory:        576        12        13        958         9323     513     576     538K      225K       38K     95.05%
[2017.01.20-03.04.56:192][863]LogMemory:        640         7         7        458         1226     577     640     286K      161K       13K     97.10%
[2017.01.20-03.04.56:192][863]LogMemory:        704         5         5        310         4499     641     704     213K      107K        3K     99.06%
[2017.01.20-03.04.56:192][863]LogMemory:        768         2         2         76         1166     705     768      57K       71K        1K     99.22%
[2017.01.20-03.04.56:192][863]LogMemory:        896         3         3        141        10817     769     896     123K       69K       12K     93.75%
[2017.01.20-03.04.56:192][863]LogMemory:       1024         3         4        165         5802     897    1024     165K       27K        9K     95.31%
[2017.01.20-03.04.56:192][863]LogMemory:       1168         7        11        330         2558    1025    1168     376K       72K       18K     95.98%
[2017.01.20-03.04.56:192][863]LogMemory:       1360         3         4        116          688    1170    1360     154K       38K       10K     94.79%
[2017.01.20-03.04.56:192][863]LogMemory:       1632         8         9        123         4856    1361    1632     196K      314K       12K     97.66%
[2017.01.20-03.04.56:192][863]LogMemory:       2048         8         8        229         2948    1633    2048     458K       54K       76K     85.16%
[2017.01.20-03.04.56:192][863]LogMemory:       2336         4         5         84         2122    2050    2333     191K       65K       20K     92.19%
[2017.01.20-03.04.56:192][863]LogMemory:       2720         4         4         75         3457    2337    2718     199K       56K       19K     92.58%
[2017.01.20-03.04.56:192][863]LogMemory:       3264         5         7         84         2775    2721    3264     267K       52K       31K     90.31%
[2017.01.20-03.04.56:192][863]LogMemory:       4096        12        14        160         1826    3265    4096     640K      128K       84K     89.06%
[2017.01.20-03.04.56:192][863]LogMemory:       4672        13        15        162          646    4104    4666     739K       92K       58K     93.03%
[2017.01.20-03.04.56:192][863]LogMemory:       5456         9        14        100         1016    4673    5440     532K       44K       50K     91.32%
[2017.01.20-03.04.56:192][863]LogMemory:       6544         9        12         75         1179    5465    6537     479K       97K       38K     93.40%
[2017.01.20-03.04.56:192][863]LogMemory:       8192         9        11         61          975    6560    8192     488K       88K       36K     93.75%
[2017.01.20-03.04.56:192][863]LogMemory:       9360         6         6         35          110    8200    9360     319K       65K       23K     94.01%
[2017.01.20-03.04.56:192][863]LogMemory:      10912         4         5         22         1803    9408   10845     234K       22K       14K     94.53%
[2017.01.20-03.04.56:192][863]LogMemory:      13104         7        11         30         7374   11101   13056     383K       65K       32K     92.86%
[2017.01.20-03.04.56:192][863]LogMemory:      16384         7        10         26         1036   13120   16384     416K       32K        6K     98.66%
[2017.01.20-03.04.56:192][863]LogMemory:      21840         8         9         17          119   16392   21556     362K      150K       62K     87.89%
[2017.01.20-03.04.56:192][863]LogMemory:      32768         6         8         11           83   21865   32640     352K       32K       78K     79.69%
[2017.01.20-03.04.56:192][863]LogMemory: 
[2017.01.20-03.04.56:192][863]LogMemory: 21504K allocated in pools (with 3134K slack and 1525K waste). Efficiency 92.91%
[2017.01.20-03.04.56:192][863]LogMemory: Allocations 131708 Current / 4605570 Total (in 336 pools)
[2017.01.20-03.04.56:192][863]LogMemory: 
[2017.01.20-03.04.56:208][863]LogLinker:Warning: CreateImport: Failed to load Outer for resource 'WidgetTree': WidgetBlueprint /Script/UMGEditor.Default__WidgetBlueprint
[2017.01.20-03.04.56:262][863]LogAIModule: Creating AISystem for world L_Main
[2017.01.20-03.04.56:262][863]LogWorld: Game class is 'BP_GameMode_C'
[2017.01.20-03.04.56:264][863]LogWorld: Bringing World /Game/Levels/L_Main.L_Main up for play (max tick rate 0) at 2017.01.19-22.04.56
[2017.01.20-03.04.56:264][863]LogWorld: Bringing up level for play took: 0.001097
[2017.01.20-03.04.58:072][897]LogPackageName: SearchForPackageOnDisk took   0.301s to resolve L_Goop.umap.
[2017.01.20-03.04.58:372][898]LogPackageName: SearchForPackageOnDisk took   0.298s to resolve L_Goop.umap.
[2017.01.20-03.04.58:372][898]LogNet: Browse: /Game/Levels/L_Goop
[2017.01.20-03.04.58:373][898]LogLoad: LoadMap: /Game/Levels/L_Goop
[2017.01.20-03.04.58:392][898]LogParticles: Destroying 0 GPU particle simulations for FXSystem 0x106DAC60
[2017.01.20-03.04.58:408][898]LogMemory: Platform Memory Stats for WindowsNoEditor
[2017.01.20-03.04.58:408][898]LogMemory: Process Physical Memory: 145.02 MB used, 164.55 MB peak
[2017.01.20-03.04.58:408][898]LogMemory: Process Virtual Memory: 166.16 MB used, 175.79 MB peak
[2017.01.20-03.04.58:408][898]LogMemory: Physical Memory: 3927.17 MB used, 4026.15 MB total
[2017.01.20-03.04.58:408][898]LogMemory: Virtual Memory: 594.15 MB used, 4095.88 MB total
[2017.01.20-03.04.58:408][898]LogMemory: 
[2017.01.20-03.04.58:409][898]LogMemory: Allocator Stats for binned:
[2017.01.20-03.04.58:409][898]LogMemory: Current Memory 43.61 MB used, plus 3.69 MB waste
[2017.01.20-03.04.58:409][898]LogMemory: Peak Memory 51.81 MB used, plus 2.64 MB waste
[2017.01.20-03.04.58:409][898]LogMemory: Current OS Memory 47.30 MB, peak 54.45 MB
[2017.01.20-03.04.58:409][898]LogMemory: Current Waste 0.65 MB, peak 0.84 MB
[2017.01.20-03.04.58:409][898]LogMemory: Current Used 43.61 MB, peak 51.81 MB
[2017.01.20-03.04.58:409][898]LogMemory: Current Slack 1.51 MB
[2017.01.20-03.04.58:409][898]LogMemory: Allocs       132860 Current /  5592020 Total
[2017.01.20-03.04.58:409][898]LogMemory: 
[2017.01.20-03.04.58:409][898]LogMemory: Block Size Num Pools Max Pools Cur Allocs Total Allocs Min Req Max Req Mem Used Mem Slack Mem Waste Efficiency
[2017.01.20-03.04.58:409][898]LogMemory: ---------- --------- --------- ---------- ------------ ------- ------- -------- --------- --------- ----------
[2017.01.20-03.04.58:409][898]LogMemory:          8         1         1       5505      1518323       8       8      43K       21K        0K    100.00%
[2017.01.20-03.04.58:409][898]LogMemory:         16         9         9      33303       245376       9      16     520K       56K       16K     97.22%
[2017.01.20-03.04.58:409][898]LogMemory:         32         5         5       9252       217104      17      32     289K       31K       51K     84.06%
[2017.01.20-03.04.58:409][898]LogMemory:         48        16        16      19180       153081      33      48     899K      125K       96K     90.63%
[2017.01.20-03.04.58:409][898]LogMemory:         64        12        12      11149       493924      49      64     696K       72K       95K     87.63%
[2017.01.20-03.04.58:409][898]LogMemory:         80         7         7       5409       361449      65      80     422K       26K       34K     92.41%
[2017.01.20-03.04.58:409][898]LogMemory:         96        30        30      19149       331041      81      96    1795K      124K      144K     92.50%
[2017.01.20-03.04.58:409][898]LogMemory:        112         8        12       3949       199866      97     112     431K       81K       30K     94.14%
[2017.01.20-03.04.58:409][898]LogMemory:        128        11        12       5325       208271     114     128     665K       39K       36K     94.89%
[2017.01.20-03.04.58:409][898]LogMemory:        160         6         6       1907       337280     129     160     297K       87K       33K     91.41%
[2017.01.20-03.04.58:409][898]LogMemory:        192         5         6       1642       284565     161     192     307K       13K       18K     94.38%
[2017.01.20-03.04.58:409][898]LogMemory:        224         3         4        830       401455     193     224     181K       11K       11K     94.27%
[2017.01.20-03.04.58:409][898]LogMemory:        256        21        36       5141       320132     225     256    1285K       59K      100K     92.56%
[2017.01.20-03.04.58:409][898]LogMemory:        288        18        18       3753       289060     257     288    1055K       95K       36K     96.88%
[2017.01.20-03.04.58:409][898]LogMemory:        320         4         4        632        19125     290     320     197K       58K        9K     96.48%
[2017.01.20-03.04.58:409][898]LogMemory:        384         9        10       1419        29590     321     384     532K       42K       45K     92.19%
[2017.01.20-03.04.58:409][898]LogMemory:        448         6         6        709        30201     385     448     310K       74K       15K     96.09%
[2017.01.20-03.04.58:409][898]LogMemory:        512         6         6        643        75586     449     512     321K       63K       24K     93.75%
[2017.01.20-03.04.58:409][898]LogMemory:        576        12        13        958         9765     513     576     538K      225K       39K     94.92%
[2017.01.20-03.04.58:409][898]LogMemory:        640         7         7        458         1245     577     640     286K      161K       13K     97.10%
[2017.01.20-03.04.58:409][898]LogMemory:        704         5         5        310         4593     641     704     213K      107K        3K     99.06%
[2017.01.20-03.04.58:409][898]LogMemory:        768         2         2         76         1232     705     768      57K       71K        1K     99.22%
[2017.01.20-03.04.58:409][898]LogMemory:        896         3         3        141        11244     769     896     123K       69K       12K     93.75%
[2017.01.20-03.04.58:409][898]LogMemory:       1024         3         4        165         6316     897    1024     165K       27K        9K     95.31%
[2017.01.20-03.04.58:409][898]LogMemory:       1168         7        11        330         2846    1025    1168     376K       72K       17K     96.21%
[2017.01.20-03.04.58:409][898]LogMemory:       1360         3         4        115          708    1170    1360     152K       40K       10K     94.79%
[2017.01.20-03.04.58:409][898]LogMemory:       1632         8         9        123         5131    1361    1632     196K      314K       12K     97.66%
[2017.01.20-03.04.58:409][898]LogMemory:       2048         8         8        229         3349    1633    2048     458K       54K       77K     84.96%
[2017.01.20-03.04.58:409][898]LogMemory:       2336         4         5         84         2179    2050    2333     191K       65K       20K     92.19%
[2017.01.20-03.04.58:409][898]LogMemory:       2720         4         4         75         3831    2337    2718     199K       56K       18K     92.97%
[2017.01.20-03.04.58:409][898]LogMemory:       3264         5         7         84         2865    2721    3264     267K       52K       32K     90.00%
[2017.01.20-03.04.58:409][898]LogMemory:       4096        12        14        161         1837    3265    4096     644K      124K       85K     88.93%
[2017.01.20-03.04.58:409][898]LogMemory:       4672        13        15        162          666    4104    4666     739K       92K       59K     92.91%
[2017.01.20-03.04.58:409][898]LogMemory:       5456         9        14        100         1027    4673    5440     532K       44K       50K     91.32%
[2017.01.20-03.04.58:409][898]LogMemory:       6544         9        12         75         1224    5465    6537     479K       97K       38K     93.40%
[2017.01.20-03.04.58:409][898]LogMemory:       8192         9        11         61          996    6560    8192     488K       88K       35K     93.92%
[2017.01.20-03.04.58:409][898]LogMemory:       9360         6         6         35          120    8200    9360     319K       65K       22K     94.27%
[2017.01.20-03.04.58:409][898]LogMemory:      10912         4         5         22         1880    9408   10845     234K       22K       14K     94.53%
[2017.01.20-03.04.58:409][898]LogMemory:      13104         7        11         30         7670   11101   13056     383K       65K       32K     92.86%
[2017.01.20-03.04.58:409][898]LogMemory:      16384         7        10         26         1082   13120   16384     416K       32K        6K     98.66%
[2017.01.20-03.04.58:409][898]LogMemory:      21840         7         9         17          136   16392   21556     362K       86K       62K     86.16%
[2017.01.20-03.04.58:409][898]LogMemory:      32768         6         8         11           86   21865   32640     352K       32K       78K     79.69%
[2017.01.20-03.04.58:409][898]LogMemory: 
[2017.01.20-03.04.58:409][898]LogMemory: 21568K allocated in pools (with 3137K slack and 1537K waste). Efficiency 92.87%
[2017.01.20-03.04.58:409][898]LogMemory: Allocations 132746 Current / 5587458 Total (in 337 pools)
[2017.01.20-03.04.58:409][898]LogMemory: 
[2017.01.20-03.04.58:426][898]LogLinker:Warning: CreateImport: Failed to load Outer for resource 'WidgetTree': WidgetBlueprint /Script/UMGEditor.Default__WidgetBlueprint
[2017.01.20-03.04.58:515][898]LogAIModule: Creating AISystem for world L_Goop
[2017.01.20-03.04.58:515][898]LogWorld: Game class is 'BP_GameMode_C'
[2017.01.20-03.04.58:518][898]LogPhysics:Warning: AddBoxesToRigidActor: [/Game/Maps/TM_Grass2.TM_Grass2] BoxElems[1] invalid or has invalid transform
[2017.01.20-03.04.58:518][898]LogWorld: Bringing World /Game/Levels/L_Goop.L_Goop up for play (max tick rate 0) at 2017.01.19-22.04.58
[2017.01.20-03.04.58:519][898]LogWorld: Bringing up level for play took: 0.002674
[2017.01.20-03.05.11:463][164]LogPackageName: SearchForPackageOnDisk took   0.372s to resolve L_Main.umap.
[2017.01.20-03.05.11:765][165]LogPackageName: SearchForPackageOnDisk took   0.301s to resolve L_Main.umap.
[2017.01.20-03.05.11:765][165]LogNet: Browse: /Game/Levels/L_Main
[2017.01.20-03.05.11:765][165]LogLoad: LoadMap: /Game/Levels/L_Main
[2017.01.20-03.05.11:784][165]LogParticles: Destroying 0 GPU particle simulations for FXSystem 0x106DB280
[2017.01.20-03.05.11:798][165]LogMemory: Platform Memory Stats for WindowsNoEditor
[2017.01.20-03.05.11:798][165]LogMemory: Process Physical Memory: 142.61 MB used, 164.55 MB peak
[2017.01.20-03.05.11:798][165]LogMemory: Process Virtual Memory: 163.70 MB used, 175.79 MB peak
[2017.01.20-03.05.11:798][165]LogMemory: Physical Memory: 3887.18 MB used, 4026.15 MB total
[2017.01.20-03.05.11:798][165]LogMemory: Virtual Memory: 577.80 MB used, 4095.88 MB total
[2017.01.20-03.05.11:798][165]LogMemory: 
[2017.01.20-03.05.11:800][165]LogMemory: Allocator Stats for binned:
[2017.01.20-03.05.11:800][165]LogMemory: Current Memory 43.66 MB used, plus 3.59 MB waste
[2017.01.20-03.05.11:800][165]LogMemory: Peak Memory 51.81 MB used, plus 2.64 MB waste
[2017.01.20-03.05.11:800][165]LogMemory: Current OS Memory 47.25 MB, peak 54.45 MB
[2017.01.20-03.05.11:800][165]LogMemory: Current Waste 0.66 MB, peak 0.84 MB
[2017.01.20-03.05.11:800][165]LogMemory: Current Used 43.66 MB, peak 51.81 MB
[2017.01.20-03.05.11:800][165]LogMemory: Current Slack 1.40 MB
[2017.01.20-03.05.11:800][165]LogMemory: Allocs       134383 Current /  6684631 Total
[2017.01.20-03.05.11:800][165]LogMemory: 
[2017.01.20-03.05.11:800][165]LogMemory: Block Size Num Pools Max Pools Cur Allocs Total Allocs Min Req Max Req Mem Used Mem Slack Mem Waste Efficiency
[2017.01.20-03.05.11:800][165]LogMemory: ---------- --------- --------- ---------- ------------ ------- ------- -------- --------- --------- ----------
[2017.01.20-03.05.11:800][165]LogMemory:          8         1         1       5506      1836951       8       8      43K       21K        0K    100.00%
[2017.01.20-03.05.11:800][165]LogMemory:         16         9         9      35030       282791       9      16     547K       29K       16K     97.22%
[2017.01.20-03.05.11:800][165]LogMemory:         32         5         5       9269       269655      17      32     289K       31K       51K     84.06%
[2017.01.20-03.05.11:800][165]LogMemory:         48        16        16      19181       172621      33      48     899K      125K       95K     90.72%
[2017.01.20-03.05.11:800][165]LogMemory:         64        12        12      11150       596684      49      64     696K       72K       95K     87.63%
[2017.01.20-03.05.11:800][165]LogMemory:         80         7         7       5409       438055      65      80     422K       26K       34K     92.41%
[2017.01.20-03.05.11:800][165]LogMemory:         96        30        30      19150       400020      81      96    1795K      124K      146K     92.40%
[2017.01.20-03.05.11:800][165]LogMemory:        112         8        12       3947       240816      97     112     431K       81K       30K     94.14%
[2017.01.20-03.05.11:801][165]LogMemory:        128        11        12       5325       252403     114     128     665K       39K       36K     94.89%
[2017.01.20-03.05.11:801][165]LogMemory:        160         5         6       1794       403731     129     160     280K       40K       31K     90.31%
[2017.01.20-03.05.11:801][165]LogMemory:        192         5         6       1643       319728     161     192     308K       12K       18K     94.38%
[2017.01.20-03.05.11:801][165]LogMemory:        224         3         4        829       471680     193     224     181K       11K       11K     94.27%
[2017.01.20-03.05.11:801][165]LogMemory:        256        20        36       5029       381188     225     256    1257K       23K       99K     92.27%
[2017.01.20-03.05.11:801][165]LogMemory:        288        18        18       3754       347439     257     288    1055K       95K       36K     96.88%
[2017.01.20-03.05.11:801][165]LogMemory:        320         4         4        632        19927     290     320     197K       58K        9K     96.48%
[2017.01.20-03.05.11:801][165]LogMemory:        384         9        10       1419        31806     321     384     532K       42K       45K     92.19%
[2017.01.20-03.05.11:801][165]LogMemory:        448         6         6        709        35365     385     448     310K       74K       15K     96.09%
[2017.01.20-03.05.11:801][165]LogMemory:        512         6         6        643        93073     449     512     321K       63K       24K     93.75%
[2017.01.20-03.05.11:801][165]LogMemory:        576        12        13        958        11275     513     576     538K      225K       41K     94.66%
[2017.01.20-03.05.11:801][165]LogMemory:        640         7         7        458         1264     577     640     286K      161K       13K     97.10%
[2017.01.20-03.05.11:801][165]LogMemory:        704         5         5        310         5046     641     704     213K      107K        3K     99.06%
[2017.01.20-03.05.11:801][165]LogMemory:        768         2         2         76         1555     705     768      57K       71K        1K     99.22%
[2017.01.20-03.05.11:801][165]LogMemory:        896         3         3        141        14223     769     896     123K       69K       12K     93.75%
[2017.01.20-03.05.11:801][165]LogMemory:       1024         3         4        165         7337     897    1024     165K       27K        9K     95.31%
[2017.01.20-03.05.11:801][165]LogMemory:       1168         7        11        330         3364    1025    1168     376K       72K       18K     95.98%
[2017.01.20-03.05.11:801][165]LogMemory:       1360         3         4        116          735    1170    1360     154K       38K       10K     94.79%
[2017.01.20-03.05.11:801][165]LogMemory:       1632         8         9        122         5793    1361    1632     194K      316K       12K     97.66%
[2017.01.20-03.05.11:801][165]LogMemory:       2048         8         8        228         4085    1633    2048     456K       56K       78K     84.77%
[2017.01.20-03.05.11:801][165]LogMemory:       2336         4         5         84         2293    2050    2333     191K       65K       20K     92.19%
[2017.01.20-03.05.11:801][165]LogMemory:       2720         4         4         76         4438    2337    2718     201K       54K       18K     92.97%
[2017.01.20-03.05.11:801][165]LogMemory:       3264         5         7         84         3443    2721    3264     267K       52K       33K     89.69%
[2017.01.20-03.05.11:801][165]LogMemory:       4096        12        14        161         1843    3265    4096     644K      124K       85K     88.93%
[2017.01.20-03.05.11:801][165]LogMemory:       4672        13        15        162          718    4104    4666     739K       92K       60K     92.79%
[2017.01.20-03.05.11:801][165]LogMemory:       5456         9        14        100         1038    4673    5440     532K       44K       49K     91.49%
[2017.01.20-03.05.11:801][165]LogMemory:       6544         9        12         75         1501    5465    6537     479K       97K       37K     93.58%
[2017.01.20-03.05.11:801][165]LogMemory:       8192         9        11         61         1015    6560    8192     488K       88K       35K     93.92%
[2017.01.20-03.05.11:801][165]LogMemory:       9360         6         6         35          127    8200    9360     319K       65K       22K     94.27%
[2017.01.20-03.05.11:801][165]LogMemory:      10912         4         5         22         2421    9408   10845     234K       22K       14K     94.53%
[2017.01.20-03.05.11:801][165]LogMemory:      13104         7        11         30         9823   11101   13056     383K       65K       32K     92.86%
[2017.01.20-03.05.11:801][165]LogMemory:      16384         7        10         26         1359   13120   16384     416K       32K        6K     98.66%
[2017.01.20-03.05.11:801][165]LogMemory:      21840         7         9         17          150   16392   21556     362K       86K       62K     86.16%
[2017.01.20-03.05.11:801][165]LogMemory:      32768         6         8         11           92   21865   32640     352K       32K       79K     79.43%
[2017.01.20-03.05.11:801][165]LogMemory: 
[2017.01.20-03.05.11:801][165]LogMemory: 21440K allocated in pools (with 3026K slack and 1540K waste). Efficiency 92.82%
[2017.01.20-03.05.11:801][165]LogMemory: Allocations 134268 Current / 6678872 Total (in 335 pools)
[2017.01.20-03.05.11:801][165]LogMemory: 
[2017.01.20-03.05.11:819][165]LogLinker:Warning: CreateImport: Failed to load Outer for resource 'WidgetTree': WidgetBlueprint /Script/UMGEditor.Default__WidgetBlueprint
[2017.01.20-03.05.11:872][165]LogAIModule: Creating AISystem for world L_Main
[2017.01.20-03.05.11:872][165]LogWorld: Game class is 'BP_GameMode_C'
[2017.01.20-03.05.11:874][165]LogWorld: Bringing World /Game/Levels/L_Main.L_Main up for play (max tick rate 0) at 2017.01.19-22.05.11
[2017.01.20-03.05.11:874][165]LogWorld: Bringing up level for play took: 0.001105
[2017.01.20-03.05.15:122][234]LogPackageName: SearchForPackageOnDisk took   0.305s to resolve L_Wizard.umap.
[2017.01.20-03.05.15:433][235]LogPackageName: SearchForPackageOnDisk took   0.310s to resolve L_Wizard.umap.
[2017.01.20-03.05.15:433][235]LogNet: Browse: /Game/Levels/L_Wizard
[2017.01.20-03.05.15:433][235]LogLoad: LoadMap: /Game/Levels/L_Wizard
[2017.01.20-03.05.15:451][235]LogParticles: Destroying 0 GPU particle simulations for FXSystem 0x106DD5F0
[2017.01.20-03.05.15:466][235]LogMemory: Platform Memory Stats for WindowsNoEditor
[2017.01.20-03.05.15:466][235]LogMemory: Process Physical Memory: 146.02 MB used, 164.55 MB peak
[2017.01.20-03.05.15:466][235]LogMemory: Process Virtual Memory: 166.77 MB used, 175.79 MB peak
[2017.01.20-03.05.15:466][235]LogMemory: Physical Memory: 3895.00 MB used, 4026.15 MB total
[2017.01.20-03.05.15:466][235]LogMemory: Virtual Memory: 585.21 MB used, 4095.88 MB total
[2017.01.20-03.05.15:466][235]LogMemory: 
[2017.01.20-03.05.15:468][235]LogMemory: Allocator Stats for binned:
[2017.01.20-03.05.15:468][235]LogMemory: Current Memory 43.69 MB used, plus 3.68 MB waste
[2017.01.20-03.05.15:468][235]LogMemory: Peak Memory 51.81 MB used, plus 2.64 MB waste
[2017.01.20-03.05.15:468][235]LogMemory: Current OS Memory 47.37 MB, peak 54.45 MB
[2017.01.20-03.05.15:468][235]LogMemory: Current Waste 0.68 MB, peak 0.84 MB
[2017.01.20-03.05.15:468][235]LogMemory: Current Used 43.69 MB, peak 51.81 MB
[2017.01.20-03.05.15:468][235]LogMemory: Current Slack 1.45 MB
[2017.01.20-03.05.15:468][235]LogMemory: Allocs       135620 Current /  7683648 Total
[2017.01.20-03.05.15:468][235]LogMemory: 
[2017.01.20-03.05.15:468][235]LogMemory: Block Size Num Pools Max Pools Cur Allocs Total Allocs Min Req Max Req Mem Used Mem Slack Mem Waste Efficiency
[2017.01.20-03.05.15:468][235]LogMemory: ---------- --------- --------- ---------- ------------ ------- ------- -------- --------- --------- ----------
[2017.01.20-03.05.15:468][235]LogMemory:          8         1         1       5516      2152420       8       8      43K       21K        0K    100.00%
[2017.01.20-03.05.15:468][235]LogMemory:         16         9         9      35980       299330       9      16     562K       14K       17K     97.05%
[2017.01.20-03.05.15:468][235]LogMemory:         32         5         5       9307       301134      17      32     290K       30K       52K     83.75%
[2017.01.20-03.05.15:468][235]LogMemory:         48        16        16      19179       190058      33      48     899K      125K       94K     90.82%
[2017.01.20-03.05.15:468][235]LogMemory:         64        12        12      11156       695136      49      64     697K       71K       96K     87.50%
[2017.01.20-03.05.15:468][235]LogMemory:         80         7         7       5409       495780      65      80     422K       26K       33K     92.63%
[2017.01.20-03.05.15:468][235]LogMemory:         96        30        30      19150       467686      81      96    1795K      124K      147K     92.34%
[2017.01.20-03.05.15:468][235]LogMemory:        112         8        12       3949       281595      97     112     431K       81K       30K     94.14%
[2017.01.20-03.05.15:468][235]LogMemory:        128        11        12       5324       295250     114     128     665K       39K       36K     94.89%
[2017.01.20-03.05.15:468][235]LogMemory:        160         6         6       1907       469287     129     160     297K       87K       34K     91.15%
[2017.01.20-03.05.15:468][235]LogMemory:        192         5         6       1643       353839     161     192     308K       12K       18K     94.38%
[2017.01.20-03.05.15:468][235]LogMemory:        224         3         4        829       536946     193     224     181K       11K       11K     94.27%
[2017.01.20-03.05.15:468][235]LogMemory:        256        21        36       5142       441579     225     256    1285K       59K      102K     92.41%
[2017.01.20-03.05.15:468][235]LogMemory:        288        18        18       3754       403765     257     288    1055K       95K       35K     96.96%
[2017.01.20-03.05.15:468][235]LogMemory:        320         4         4        635        20324     290     320     198K       57K        9K     96.48%
[2017.01.20-03.05.15:468][235]LogMemory:        384         9        10       1420        33167     321     384     532K       42K       45K     92.19%
[2017.01.20-03.05.15:468][235]LogMemory:        448         6         6        710        40341     385     448     310K       74K       15K     96.09%
[2017.01.20-03.05.15:468][235]LogMemory:        512         6         6        643       109961     449     512     321K       63K       24K     93.75%
[2017.01.20-03.05.15:468][235]LogMemory:        576        12        13        958        11862     513     576     538K      225K       41K     94.66%
[2017.01.20-03.05.15:468][235]LogMemory:        640         7         7        459         1287     577     640     286K      161K       13K     97.10%
[2017.01.20-03.05.15:468][235]LogMemory:        704         5         5        312         5182     641     704     214K      106K        3K     99.06%
[2017.01.20-03.05.15:468][235]LogMemory:        768         2         2         76         1658     705     768      57K       71K        1K     99.22%
[2017.01.20-03.05.15:468][235]LogMemory:        896         3         3        141        15038     769     896     123K       69K       12K     93.75%
[2017.01.20-03.05.15:468][235]LogMemory:       1024         3         4        165         7947     897    1024     165K       27K        9K     95.31%
[2017.01.20-03.05.15:468][235]LogMemory:       1168         7        11        330         3665    1025    1168     376K       72K       17K     96.21%
[2017.01.20-03.05.15:468][235]LogMemory:       1360         3         4        115          757    1170    1360     152K       40K       10K     94.79%
[2017.01.20-03.05.15:468][235]LogMemory:       1632         8         9        123         6133    1361    1632     196K      314K       12K     97.66%
[2017.01.20-03.05.15:468][235]LogMemory:       2048         8         8        228         4539    1633    2048     456K       56K       79K     84.57%
[2017.01.20-03.05.15:468][235]LogMemory:       2336         4         5         84         2355    2050    2333     191K       65K       20K     92.19%
[2017.01.20-03.05.15:468][235]LogMemory:       2720         4         4         76         4847    2337    2718     201K       54K       18K     92.97%
[2017.01.20-03.05.15:468][235]LogMemory:       3264         5         7         84         3603    2721    3264     267K       52K       33K     89.69%
[2017.01.20-03.05.15:468][235]LogMemory:       4096        12        14        161         1857    3265    4096     644K      124K       85K     88.93%
[2017.01.20-03.05.15:468][235]LogMemory:       4672        13        15        162          738    4104    4666     739K       92K       60K     92.79%
[2017.01.20-03.05.15:468][235]LogMemory:       5456         9        14        100         1049    4673    5440     532K       44K       49K     91.49%
[2017.01.20-03.05.15:468][235]LogMemory:       6544         9        12         75         1581    5465    6537     479K       97K       37K     93.58%
[2017.01.20-03.05.15:468][235]LogMemory:       8192         9        11         61         1036    6560    8192     488K       88K       35K     93.92%
[2017.01.20-03.05.15:468][235]LogMemory:       9360         6         6         35          137    8200    9360     319K       65K       21K     94.53%
[2017.01.20-03.05.15:468][235]LogMemory:      10912         4         5         22         2568    9408   10845     234K       22K       14K     94.53%
[2017.01.20-03.05.15:468][235]LogMemory:      13104         7        11         30        10399   11101   13056     383K       65K       32K     92.86%
[2017.01.20-03.05.15:468][235]LogMemory:      16384         7        10         26         1440   13120   16384     416K       32K        6K     98.66%
[2017.01.20-03.05.15:468][235]LogMemory:      21840         7         9         17          167   16392   21556     362K       86K       62K     86.16%
[2017.01.20-03.05.15:468][235]LogMemory:      32768         6         8         11           95   21865   32640     352K       32K       79K     79.43%
[2017.01.20-03.05.15:468][235]LogMemory: 
[2017.01.20-03.05.15:468][235]LogMemory: 21568K allocated in pools (with 3090K slack and 1546K waste). Efficiency 92.83%
[2017.01.20-03.05.15:468][235]LogMemory: Allocations 135505 Current / 7677539 Total (in 337 pools)
[2017.01.20-03.05.15:468][235]LogMemory: 
[2017.01.20-03.05.15:486][235]LogLinker:Warning: CreateImport: Failed to load Outer for resource 'WidgetTree': WidgetBlueprint /Script/UMGEditor.Default__WidgetBlueprint
[2017.01.20-03.05.15:574][235]LogAIModule: Creating AISystem for world L_Wizard
[2017.01.20-03.05.15:574][235]LogWorld: Game class is 'BP_GameMode_C'
[2017.01.20-03.05.15:576][235]LogPhysics:Warning: AddBoxesToRigidActor: [/Game/Maps/TM_Grass2.TM_Grass2] BoxElems[1] invalid or has invalid transform
[2017.01.20-03.05.15:576][235]LogWorld: Bringing World /Game/Levels/L_Wizard.L_Wizard up for play (max tick rate 0) at 2017.01.19-22.05.15
[2017.01.20-03.05.15:576][235]LogWorld: Bringing up level for play took: 0.001584
[2017.01.20-03.05.22:385][371]LogPackageName: SearchForPackageOnDisk took   0.373s to resolve L_Main.umap.
[2017.01.20-03.05.22:691][372]LogPackageName: SearchForPackageOnDisk took   0.305s to resolve L_Main.umap.
[2017.01.20-03.05.22:691][372]LogNet: Browse: /Game/Levels/L_Main
[2017.01.20-03.05.22:691][372]LogLoad: LoadMap: /Game/Levels/L_Main
[2017.01.20-03.05.22:709][372]LogParticles: Destroying 0 GPU particle simulations for FXSystem 0x106D9290
[2017.01.20-03.05.22:723][372]LogMemory: Platform Memory Stats for WindowsNoEditor
[2017.01.20-03.05.22:723][372]LogMemory: Process Physical Memory: 145.37 MB used, 164.55 MB peak
[2017.01.20-03.05.22:723][372]LogMemory: Process Virtual Memory: 166.07 MB used, 175.79 MB peak
[2017.01.20-03.05.22:723][372]LogMemory: Physical Memory: 3945.86 MB used, 4026.15 MB total
[2017.01.20-03.05.22:723][372]LogMemory: Virtual Memory: 584.14 MB used, 4095.88 MB total
[2017.01.20-03.05.22:723][372]LogMemory: 
[2017.01.20-03.05.22:724][372]LogMemory: Allocator Stats for binned:
[2017.01.20-03.05.22:724][372]LogMemory: Current Memory 43.74 MB used, plus 3.72 MB waste
[2017.01.20-03.05.22:724][372]LogMemory: Peak Memory 51.81 MB used, plus 2.64 MB waste
[2017.01.20-03.05.22:724][372]LogMemory: Current OS Memory 47.45 MB, peak 54.45 MB
[2017.01.20-03.05.22:724][372]LogMemory: Current Waste 0.70 MB, peak 0.84 MB
[2017.01.20-03.05.22:724][372]LogMemory: Current Used 43.74 MB, peak 51.81 MB
[2017.01.20-03.05.22:724][372]LogMemory: Current Slack 1.47 MB
[2017.01.20-03.05.22:724][372]LogMemory: Allocs       136640 Current /  8719612 Total
[2017.01.20-03.05.22:724][372]LogMemory: 
[2017.01.20-03.05.22:724][372]LogMemory: Block Size Num Pools Max Pools Cur Allocs Total Allocs Min Req Max Req Mem Used Mem Slack Mem Waste Efficiency
[2017.01.20-03.05.22:724][372]LogMemory: ---------- --------- --------- ---------- ------------ ------- ------- -------- --------- --------- ----------
[2017.01.20-03.05.22:724][372]LogMemory:          8         1         1       5517      2469143       8       8      43K       21K        0K    100.00%
[2017.01.20-03.05.22:724][372]LogMemory:         16        10        10      37182       325108       9      16     580K       60K       17K     97.34%
[2017.01.20-03.05.22:724][372]LogMemory:         32         5         5       9323       340653      17      32     291K       29K       53K     83.44%
[2017.01.20-03.05.22:724][372]LogMemory:         48        16        16      19185       208288      33      48     899K      125K       94K     90.82%
[2017.01.20-03.05.22:724][372]LogMemory:         64        12        12      11155       795624      49      64     697K       71K       96K     87.50%
[2017.01.20-03.05.22:724][372]LogMemory:         80         7         7       5411       560247      65      80     422K       26K       33K     92.63%
[2017.01.20-03.05.22:724][372]LogMemory:         96        30        30      19155       535594      81      96    1795K      124K      148K     92.29%
[2017.01.20-03.05.22:724][372]LogMemory:        112         8        12       3950       322442      97     112     432K       80K       30K     94.14%
[2017.01.20-03.05.22:724][372]LogMemory:        128        11        12       5330       338498     114     128     666K       38K       36K     94.89%
[2017.01.20-03.05.22:724][372]LogMemory:        160         5         6       1796       535155     129     160     280K       40K       32K     90.00%
[2017.01.20-03.05.22:724][372]LogMemory:        192         5         6       1644       388287     161     192     308K       12K       17K     94.69%
[2017.01.20-03.05.22:724][372]LogMemory:        224         3         4        829       604202     193     224     181K       11K       11K     94.27%
[2017.01.20-03.05.22:724][372]LogMemory:        256        20        36       5030       502245     225     256    1257K       23K      101K     92.11%
[2017.01.20-03.05.22:724][372]LogMemory:        288        18        18       3750       460797     257     288    1054K       96K       35K     96.96%
[2017.01.20-03.05.22:724][372]LogMemory:        320         4         4        635        20882     290     320     198K       57K        9K     96.48%
[2017.01.20-03.05.22:724][372]LogMemory:        384         9        10       1420        34916     321     384     532K       42K       45K     92.19%
[2017.01.20-03.05.22:724][372]LogMemory:        448         6         6        710        45390     385     448     310K       74K       15K     96.09%
[2017.01.20-03.05.22:724][372]LogMemory:        512         6         6        643       127115     449     512     321K       63K       24K     93.75%
[2017.01.20-03.05.22:725][372]LogMemory:        576        12        13        964        12992     513     576     542K      221K       42K     94.53%
[2017.01.20-03.05.22:725][372]LogMemory:        640         7         7        459         1314     577     640     286K      161K       13K     97.10%
[2017.01.20-03.05.22:725][372]LogMemory:        704         5         5        312         5389     641     704     214K      106K        3K     99.06%
[2017.01.20-03.05.22:725][372]LogMemory:        768         2         2         76         1862     705     768      57K       71K        1K     99.22%
[2017.01.20-03.05.22:725][372]LogMemory:        896         3         3        141        16594     769     896     123K       69K       12K     93.75%
[2017.01.20-03.05.22:725][372]LogMemory:       1024         3         4        165         8728     897    1024     165K       27K        9K     95.31%
[2017.01.20-03.05.22:725][372]LogMemory:       1168         7        11        330         4092    1025    1168     376K       72K       17K     96.21%
[2017.01.20-03.05.22:725][372]LogMemory:       1360         3         4        116          809    1170    1360     154K       38K       10K     94.79%
[2017.01.20-03.05.22:725][372]LogMemory:       1632         8         9        123         6597    1361    1632     196K      314K       12K     97.66%
[2017.01.20-03.05.22:725][372]LogMemory:       2048         8         8        228         5104    1633    2048     456K       56K       79K     84.57%
[2017.01.20-03.05.22:725][372]LogMemory:       2336         4         5         84         2451    2050    2333     191K       65K       20K     92.19%
[2017.01.20-03.05.22:725][372]LogMemory:       2720         4         4         75         5340    2337    2718     199K       56K       17K     93.36%
[2017.01.20-03.05.22:725][372]LogMemory:       3264         5         7         83         4102    2721    3264     264K       55K       33K     89.69%
[2017.01.20-03.05.22:725][372]LogMemory:       4096        12        14        161         1863    3265    4096     644K      124K       85K     88.93%
[2017.01.20-03.05.22:725][372]LogMemory:       4672        13        15        163          778    4104    4666     743K       88K       61K     92.67%
[2017.01.20-03.05.22:725][372]LogMemory:       5456        10        14        101         1063    4673    5440     538K      102K       49K     92.34%
[2017.01.20-03.05.22:725][372]LogMemory:       6544         9        12         75         1760    5465    6537     479K       97K       37K     93.58%
[2017.01.20-03.05.22:725][372]LogMemory:       8192         9        11         61         1055    6560    8192     488K       88K       35K     93.92%
[2017.01.20-03.05.22:725][372]LogMemory:       9360         6         6         35          144    8200    9360     319K       65K       21K     94.53%
[2017.01.20-03.05.22:725][372]LogMemory:      10912         4         5         22         2849    9408   10845     234K       22K       14K     94.53%
[2017.01.20-03.05.22:725][372]LogMemory:      13104         7        11         30        11512   11101   13056     383K       65K       32K     92.86%
[2017.01.20-03.05.22:725][372]LogMemory:      16384         7        10         26         1587   13120   16384     416K       32K        5K     98.88%
[2017.01.20-03.05.22:725][372]LogMemory:      21840         7         9         17          181   16392   21556     362K       86K       62K     86.16%
[2017.01.20-03.05.22:725][372]LogMemory:      32768         6         8         11          101   21865   32640     352K       32K       80K     79.17%
[2017.01.20-03.05.22:725][372]LogMemory: 
[2017.01.20-03.05.22:725][372]LogMemory: 21568K allocated in pools (with 3104K slack and 1545K waste). Efficiency 92.84%
[2017.01.20-03.05.22:725][372]LogMemory: Allocations 136524 Current / 8712854 Total (in 337 pools)
[2017.01.20-03.05.22:725][372]LogMemory: 
[2017.01.20-03.05.22:744][372]LogLinker:Warning: CreateImport: Failed to load Outer for resource 'WidgetTree': WidgetBlueprint /Script/UMGEditor.Default__WidgetBlueprint
[2017.01.20-03.05.22:801][372]LogAIModule: Creating AISystem for world L_Main
[2017.01.20-03.05.22:801][372]LogWorld: Game class is 'BP_GameMode_C'
[2017.01.20-03.05.22:802][372]LogWorld: Bringing World /Game/Levels/L_Main.L_Main up for play (max tick rate 0) at 2017.01.19-22.05.22
[2017.01.20-03.05.22:803][372]LogWorld: Bringing up level for play took: 0.001059
[2017.01.20-03.05.45:075][895]Closing by request
[2017.01.20-03.05.45:075][895]LogWindows: FPlatformMisc::RequestExit(0)
[2017.01.20-03.05.45:429][896]LogWindowsTextInputMethodSystem:Display: IME system now deactivated.
[2017.01.20-03.05.45:429][896]LogWindowsTextInputMethodSystem:Display: IME system now deactivated.
[2017.01.20-03.05.45:590][896]LogExit: Preparing to exit.
[2017.01.20-03.05.45:626][896]LogExit: Game engine shut down
[2017.01.20-03.05.45:628][896]LogParticles: Destroying 0 GPU particle simulations for FXSystem 0x106D8730
[2017.01.20-03.05.45:717][896]LogExit: Object subsystem successfully closed.
[2017.01.20-03.05.45:726][896]LogD3D11RHI: Shutdown
[2017.01.20-03.05.45:726][896]LogD3D11RHI: CleanupD3DDevice
[2017.01.20-03.05.45:803][896]LogD3D11RHI: ~FD3D11DynamicRHI
[2017.01.20-03.05.45:803][896]LogModuleManager: Shutting down and abandoning module AutomationWorker (57)
[2017.01.20-03.05.45:803][896]LogModuleManager: Shutting down and abandoning module CharacterAI (56)
[2017.01.20-03.05.45:803][896]LogModuleManager: Shutting down and abandoning module AIModule (54)
[2017.01.20-03.05.45:803][896]LogModuleManager: Shutting down and abandoning module GameLiveStreaming (53)
[2017.01.20-03.05.45:803][896]LogModuleManager: Shutting down and abandoning module StreamingPauseRendering (52)
[2017.01.20-03.05.45:803][896]LogModuleManager: Shutting down and abandoning module AnalyticsET (51)
[2017.01.20-03.05.45:803][896]LogModuleManager: Shutting down and abandoning module Analytics (50)
[2017.01.20-03.05.45:803][896]LogModuleManager: Shutting down and abandoning module ProfilerService (49)
[2017.01.20-03.05.45:979][896]LogModuleManager: Shutting down and abandoning module TaskGraph (48)
[2017.01.20-03.05.45:979][896]LogModuleManager: Shutting down and abandoning module SlateRemote (47)
[2017.01.20-03.05.45:979][896]LogModuleManager: Shutting down and abandoning module SteamVRController (46)
[2017.01.20-03.05.45:979][896]LogModuleManager: Shutting down and abandoning module SteamVR (45)
[2017.01.20-03.05.45:979][896]LogModuleManager: Shutting down and abandoning module ProceduralMeshComponent (44)
[2017.01.20-03.05.45:979][896]LogModuleManager: Shutting down and abandoning module OculusLibrary (43)
[2017.01.20-03.05.45:979][896]LogModuleManager: Shutting down and abandoning module OculusInput (42)
[2017.01.20-03.05.45:979][896]LogModuleManager: Shutting down and abandoning module CustomMeshComponent (41)
[2017.01.20-03.05.45:979][896]LogModuleManager: Shutting down and abandoning module CableComponent (40)
[2017.01.20-03.05.45:979][896]LogModuleManager: Shutting down and abandoning module ArchVisCharacter (39)
[2017.01.20-03.05.45:979][896]LogModuleManager: Shutting down and abandoning module IS (38)
[2017.01.20-03.05.45:979][896]LogModuleManager: Shutting down and abandoning module UdpMessaging (37)
[2017.01.20-03.05.45:979][896]LogModuleManager: Shutting down and abandoning module LightPropagationVolumeRuntime (36)
[2017.01.20-03.05.45:979][896]LogModuleManager: Shutting down and abandoning module Paper2D (35)
[2017.01.20-03.05.45:979][896]LogModuleManager: Shutting down and abandoning module Media (34)
[2017.01.20-03.05.45:979][896]LogModuleManager: Shutting down and abandoning module WmfMedia (33)
[2017.01.20-03.05.45:979][896]LogModuleManager: Shutting down and abandoning module WindowsMoviePlayer (32)
[2017.01.20-03.05.45:980][896]LogModuleManager: Shutting down and abandoning module ImageWrapper (31)
[2017.01.20-03.05.45:980][896]LogModuleManager: Shutting down and abandoning module UMG (30)
[2017.01.20-03.05.45:980][896]LogModuleManager: Shutting down and abandoning module Slate (29)
[2017.01.20-03.05.45:980][896]LogModuleManager: Shutting down and abandoning module SessionServices (28)
[2017.01.20-03.05.45:980][896]LogModuleManager: Shutting down and abandoning module Messaging (27)
[2017.01.20-03.05.45:980][896]LogModuleManager: Shutting down and abandoning module HeadMountedDisplay (26)
[2017.01.20-03.05.45:980][896]LogModuleManager: Shutting down and abandoning module XAudio2 (25)
[2017.01.20-03.05.45:980][896]LogModuleManager: Shutting down and abandoning module Networking (23)
[2017.01.20-03.05.45:980][896]LogModuleManager: Shutting down and abandoning module Core (22)
[2017.01.20-03.05.45:980][896]LogModuleManager: Shutting down and abandoning module LeapMotionController (21)
[2017.01.20-03.05.46:002][896]LogModuleManager: Shutting down and abandoning module InputCore (20)
[2017.01.20-03.05.46:002][896]LogModuleManager: Shutting down and abandoning module OnlineSubsystem (18)
[2017.01.20-03.05.46:002][896]LogModuleManager: Shutting down and abandoning module HTTP (17)
[2017.01.20-03.05.47:003][896]LogModuleManager: Shutting down and abandoning module OculusRift (16)
[2017.01.20-03.05.47:003][896]LogModuleManager: Shutting down and abandoning module ExampleDeviceProfileSelector (15)
[2017.01.20-03.05.47:003][896]LogModuleManager: Shutting down and abandoning module ShaderCore (14)
[2017.01.20-03.05.47:003][896]LogModuleManager: Shutting down and abandoning module Landscape (13)
[2017.01.20-03.05.47:003][896]LogModuleManager: Shutting down and abandoning module SlateRHIRenderer (12)
[2017.01.20-03.05.47:003][896]LogModuleManager: Shutting down and abandoning module OpenGLDrv (11)
[2017.01.20-03.05.47:003][896]LogModuleManager: Shutting down and abandoning module D3D11RHI (10)
[2017.01.20-03.05.47:003][896]LogModuleManager: Shutting down and abandoning module AnimGraphRuntime (9)
[2017.01.20-03.05.47:003][896]LogModuleManager: Shutting down and abandoning module Renderer (8)
[2017.01.20-03.05.47:003][896]LogModuleManager: Shutting down and abandoning module Engine (7)
[2017.01.20-03.05.47:003][896]LogModuleManager: Shutting down and abandoning module CoreUObject (6)
[2017.01.20-03.05.47:003][896]LogModuleManager: Shutting down and abandoning module NetworkFile (5)
[2017.01.20-03.05.47:003][896]LogModuleManager: Shutting down and abandoning module StreamingFile (4)
[2017.01.20-03.05.47:003][896]LogModuleManager: Shutting down and abandoning module SandboxFile (3)
[2017.01.20-03.05.47:003][896]LogModuleManager: Shutting down and abandoning module PakFile (1)
[2017.01.20-03.05.47:004][896]LogExit: Exiting.
[2017.01.20-03.05.47:005][896]Log file closed, 01/19/17 22:05:47
