[2015.12.16-01.50.23:440][  0]Log file open, 12/15/15 20:50:23
[2015.12.16-01.50.23:440][  0]LogModuleManager:Warning: ModuleManager: Module 'HTTPChunkInstaller' not found - its StaticallyLinkedModuleInitializers function is null.
[2015.12.16-01.50.23:440][  0]LogPlatformFile: Not using cached read wrapper
[2015.12.16-01.50.23:440][  0]LogInit:Display: RandInit(1279905192) SRandInit(1279905194).
[2015.12.16-01.50.23:440][  0]LogTaskGraph: Started task graph with 4 named threads and 5 total threads.
[2015.12.16-01.50.23:440][  0]LogStats: Stats thread started at 0.048428
[2015.12.16-01.50.23:440][  0]LogInit: Version: 4.10.0-2758231+++depot+UE4-Releases+4.10
[2015.12.16-01.50.23:440][  0]LogInit: API Version: 2758231
[2015.12.16-01.50.23:440][  0]LogInit: Compiled (32-bit): Nov  7 2015 07:04:57
[2015.12.16-01.50.23:440][  0]LogInit: Compiled with Visual C++: 19.00.23026.00
[2015.12.16-01.50.23:440][  0]LogInit: Build Configuration: Development
[2015.12.16-01.50.23:440][  0]LogInit: Branch Name: ++depot+UE4-Releases+4.10
[2015.12.16-01.50.23:440][  0]LogInit: Command line: 
[2015.12.16-01.50.23:440][  0]LogInit: Base directory: C:/Users/Ryan/Downloads/WindowsNoEditor/IS/Binaries/Win32/
[2015.12.16-01.50.23:440][  0]LogInit: Rocket: 0
[2015.12.16-01.50.23:444][  0]LogInit: Using libcurl 7.41.0
[2015.12.16-01.50.23:445][  0]LogInit:  - built for i386-pc-win32
[2015.12.16-01.50.23:445][  0]LogInit:  - supports SSL with WinSSL
[2015.12.16-01.50.23:445][  0]LogInit:  - other features:
[2015.12.16-01.50.23:445][  0]LogInit:      CURL_VERSION_SSL
[2015.12.16-01.50.23:445][  0]LogInit:      CURL_VERSION_IPV6
[2015.12.16-01.50.23:445][  0]LogInit:      CURL_VERSION_ASYNCHDNS
[2015.12.16-01.50.23:445][  0]LogInit:      CURL_VERSION_LARGEFILE
[2015.12.16-01.50.23:445][  0]LogInit:      CURL_VERSION_IDN
[2015.12.16-01.50.23:445][  0]LogInit:  CurlRequestOptions (configurable via config and command line):
[2015.12.16-01.50.23:445][  0]LogInit:  - bVerifyPeer = true  - Libcurl will verify peer certificate
[2015.12.16-01.50.23:445][  0]LogInit:  - bUseHttpProxy = false  - Libcurl will NOT use HTTP proxy
[2015.12.16-01.50.23:445][  0]LogInit:  - bDontReuseConnections = false  - Libcurl will reuse connections
[2015.12.16-01.50.23:445][  0]LogInit:  - CertBundlePath = nullptr  - Libcurl will use whatever was configured at build time.
[2015.12.16-01.50.23:447][  0]LogInit: Presizing for 0 objects not considered by GC, pre-allocating 0 bytes.
[2015.12.16-01.50.23:452][  0]LogInit: Object subsystem initialized
[2015.12.16-01.50.23:456][  0]LogInit: Selected Device Profile: [WindowsNoEditor]
[2015.12.16-01.50.23:456][  0]LogInit: Applying CVar settings loaded from the selected device profile: [WindowsNoEditor]
[2015.12.16-01.50.23:464][  0]LogInit: Computer: THEGIANT
[2015.12.16-01.50.23:464][  0]LogInit: User: Ryan
[2015.12.16-01.50.23:464][  0]LogInit: CPU Page size=4096, Cores=2
[2015.12.16-01.50.23:464][  0]LogInit: High frequency timer resolution =2.338339 MHz
[2015.12.16-01.50.23:464][  0]LogMemory: Memory total: Physical=3.9GB (0GB approx) Virtual=4.0GB
[2015.12.16-01.50.23:464][  0]LogMemory: Platform Memory Stats for WindowsNoEditor
[2015.12.16-01.50.23:464][  0]LogMemory: Process Physical Memory: 31.11 MB used, 31.11 MB peak
[2015.12.16-01.50.23:464][  0]LogMemory: Process Virtual Memory: 49.98 MB used, 49.98 MB peak
[2015.12.16-01.50.23:464][  0]LogMemory: Physical Memory: 40.59 MB used, 4026.15 MB total
[2015.12.16-01.50.23:464][  0]LogMemory: Virtual Memory: 220.00 MB used, 4095.88 MB total
[2015.12.16-01.50.23:493][  0]LogTextLocalizationManager: No specific translations for ('en-US') exist, so ('en') translations will be used.
[2015.12.16-01.50.23:667][  0]LogD3D11RHI: Found D3D11 adapter 0: Intel(R) HD Graphics Family (Feature Level 11_0)
[2015.12.16-01.50.23:667][  0]LogD3D11RHI: Adapter has 112MB of dedicated video memory, 0MB of dedicated system memory, and 3983MB of shared system memory, 1 output[s]
[2015.12.16-01.50.23:669][  0]LogD3D11RHI: Found D3D11 adapter 1: Microsoft Basic Render Driver (Feature Level 11_0)
[2015.12.16-01.50.23:669][  0]LogD3D11RHI: Adapter has 0MB of dedicated video memory, 0MB of dedicated system memory, and 4061MB of shared system memory, 0 output[s]
[2015.12.16-01.50.23:669][  0]LogD3D11RHI: Chosen D3D11 Adapter Id = 0
[2015.12.16-01.50.23:675][  0]LogD3D11RHI: !Direct3DDevice
[2015.12.16-01.50.23:675][  0]LogRHI: Texture pool is 78 MB (70% of 112 MB)
[2015.12.16-01.50.23:683][  0]LogD3D11RHI: Async texture creation enabled
[2015.12.16-01.50.23:770][  0]LogContentStreaming: Texture pool size is 1000.000000MB
[2015.12.16-01.50.23:770][  0]LogInit: Selected Device Profile: [WindowsNoEditor]
[2015.12.16-01.50.23:884][  0]LogInit: WinSock: version 1.1 (2.2), MaxSocks=32767, MaxUdp=65467
[2015.12.16-01.50.23:981][  0]LogWindowsMoviePlayer: Unable to load movie: ../../../IS/Content/Movies/Default_Startup.mp4
[2015.12.16-01.50.24:027][  0]LogObj: 23604 objects as part of root set at end of initial load.
[2015.12.16-01.50.24:027][  0]LogUObjectAllocator: 3323352 out of 0 bytes used by permanent object pool.
[2015.12.16-01.50.24:040][  0]LogEngine: Initializing Engine...
[2015.12.16-01.50.24:044][  0]LogHMD: Can't find Oculus library dev build: is proper Runtime installed? Version: 0.8.0.0
[2015.12.16-01.50.24:046][  0]LogHMD: SteamVR failed to initialize.  Err: 110
[2015.12.16-01.50.24:080][  0]LogInit: XAudio2 using 'Speaker/HP (Realtek High Definition Audio)' : 2 channels at 48 kHz using 32 bits per sample (channel mask 0x3)
[2015.12.16-01.50.24:095][  0]LogInit: FAudioDevice initialized.
[2015.12.16-01.50.24:096][  0]LogInit: Texture streaming: Enabled
[2015.12.16-01.50.24:096][  0]LogAnalytics: Creating configured Analytics provider AnalyticsET
[2015.12.16-01.50.24:096][  0]LogAnalytics: [UEGame.UnrealEngine.Release|A9B626D84F558997D589F4838651B3BF|Independent Study] APIServer = http://et2.epicgames.com/ET2/. AppVersion = 4.10.0-2758231+++depot+UE4-Releases+4.10
[2015.12.16-01.50.24:096][  0]LogAnalytics: [UEGame.UnrealEngine.Release|A9B626D84F558997D589F4838651B3BF|Independent Study] SetUserId ANON-{25D649A8-49CC-0078-934C-56BC89DBE87B}
[2015.12.16-01.50.24:096][  0]LogAnalytics: [UEGame.UnrealEngine.Release|A9B626D84F558997D589F4838651B3BF|Independent Study] AnalyticsET::StartSession
[2015.12.16-01.50.24:110][  0]LogLinker:Warning: CreateImport: Failed to load Outer for resource 'WidgetTree': WidgetBlueprint /Script/UMGEditor.Default__WidgetBlueprint
[2015.12.16-01.50.24:112][  0]LogLinker:Warning: CreateImport: Failed to load Outer for resource 'WidgetTree': WidgetBlueprint /Script/UMGEditor.Default__WidgetBlueprint
[2015.12.16-01.50.24:114][  0]LogLinker:Warning: CreateImport: Failed to load Outer for resource 'WidgetTree': WidgetBlueprint /Script/UMGEditor.Default__WidgetBlueprint
[2015.12.16-01.50.24:129][  0]LogNet: Browse: /Game/Levels/L_Island?Name=Player
[2015.12.16-01.50.24:130][  0]LogLoad: LoadMap: /Game/Levels/L_Island?Name=Player
[2015.12.16-01.50.24:145][  0]LogParticles: Destroying 0 GPU particle simulations for FXSystem 0x1360C240
[2015.12.16-01.50.24:159][  0]LogMemory: Platform Memory Stats for WindowsNoEditor
[2015.12.16-01.50.24:159][  0]LogMemory: Process Physical Memory: 123.24 MB used, 125.09 MB peak
[2015.12.16-01.50.24:159][  0]LogMemory: Process Virtual Memory: 142.08 MB used, 144.95 MB peak
[2015.12.16-01.50.24:159][  0]LogMemory: Physical Memory: 124.79 MB used, 4026.15 MB total
[2015.12.16-01.50.24:159][  0]LogMemory: Virtual Memory: 496.53 MB used, 4095.88 MB total
[2015.12.16-01.50.24:159][  0]LogMemory: 
[2015.12.16-01.50.24:160][  0]LogMemory: Allocator Stats for binned:
[2015.12.16-01.50.24:160][  0]LogMemory: Current Memory 38.72 MB used, plus 3.12 MB waste
[2015.12.16-01.50.24:160][  0]LogMemory: Peak Memory 44.97 MB used, plus 0.87 MB waste
[2015.12.16-01.50.24:160][  0]LogMemory: Current OS Memory 41.84 MB, peak 45.84 MB
[2015.12.16-01.50.24:160][  0]LogMemory: Current Waste 0.53 MB, peak 0.82 MB
[2015.12.16-01.50.24:160][  0]LogMemory: Current Used 38.73 MB, peak 44.97 MB
[2015.12.16-01.50.24:160][  0]LogMemory: Current Slack 1.16 MB
[2015.12.16-01.50.24:160][  0]LogMemory: Allocs       123526 Current /  1229269 Total
[2015.12.16-01.50.24:160][  0]LogMemory: 
[2015.12.16-01.50.24:160][  0]LogMemory: Block Size Num Pools Max Pools Cur Allocs Total Allocs Min Req Max Req Mem Used Mem Slack Mem Waste Efficiency
[2015.12.16-01.50.24:160][  0]LogMemory: ---------- --------- --------- ---------- ------------ ------- ------- -------- --------- --------- ----------
[2015.12.16-01.50.24:160][  0]LogMemory:          8         1         1       5376       242978       8       8      42K       22K        0K    100.00%
[2015.12.16-01.50.24:160][  0]LogMemory:         16         7         7      26185       101092       9      16     409K       39K       18K     95.98%
[2015.12.16-01.50.24:160][  0]LogMemory:         32         5         5       8644        28909      17      32     270K       50K       55K     82.81%
[2015.12.16-01.50.24:160][  0]LogMemory:         48        15        15      18974        61053      33      48     889K       71K       77K     91.98%
[2015.12.16-01.50.24:160][  0]LogMemory:         64        11        11      10895        79707      49      64     680K       24K       85K     87.93%
[2015.12.16-01.50.24:160][  0]LogMemory:         80         7         7       5254        58057      65      80     410K       38K       36K     91.96%
[2015.12.16-01.50.24:160][  0]LogMemory:         96        28        28      19048        52809      81      96    1785K        6K       88K     95.09%
[2015.12.16-01.50.24:160][  0]LogMemory:        112         8        12       3828        34651      97     112     418K       94K       21K     95.90%
[2015.12.16-01.50.24:160][  0]LogMemory:        128        11        11       5301        63104     114     128     662K       42K       42K     94.03%
[2015.12.16-01.50.24:160][  0]LogMemory:        160         5         5       1695        74818     129     160     264K       56K       22K     93.13%
[2015.12.16-01.50.24:160][  0]LogMemory:        192        18        29       5919       135477     161     192    1109K       42K       80K     93.06%
[2015.12.16-01.50.24:160][  0]LogMemory:        224         3         3        803       142286     193     224     175K       17K       15K     92.19%
[2015.12.16-01.50.24:160][  0]LogMemory:        256         3         3        711        48355     226     256     177K       15K       11K     94.27%
[2015.12.16-01.50.24:160][  0]LogMemory:        288        17        17       3702        44623     257     288    1041K       45K       63K     94.21%
[2015.12.16-01.50.24:160][  0]LogMemory:        320         4         4        628        14961     290     320     196K       59K       10K     96.09%
[2015.12.16-01.50.24:160][  0]LogMemory:        384         9         9       1410        14902     321     384     528K       46K       61K     89.41%
[2015.12.16-01.50.24:160][  0]LogMemory:        448         6         6        696         4164     385     448     304K       80K       22K     94.27%
[2015.12.16-01.50.24:160][  0]LogMemory:        512         5         5        633         3899     449     512     316K        4K       25K     92.19%
[2015.12.16-01.50.24:160][  0]LogMemory:        576        12        13        952         4132     513     576     535K      228K       21K     97.27%
[2015.12.16-01.50.24:160][  0]LogMemory:        640         7         7        452         1009     577     640     282K      165K       13K     97.10%
[2015.12.16-01.50.24:160][  0]LogMemory:        704         5         5        303         1074     641     704     208K      112K       10K     96.88%
[2015.12.16-01.50.24:160][  0]LogMemory:        768         2         2         76          194     705     768      57K       71K        2K     98.44%
[2015.12.16-01.50.24:160][  0]LogMemory:        896         2         3        126          374     769     896     110K       18K        8K     93.75%
[2015.12.16-01.50.24:160][  0]LogMemory:       1024         3         4        155         2661     897    1024     155K       37K        5K     97.40%
[2015.12.16-01.50.24:160][  0]LogMemory:       1168         7         7        334         1017    1025    1168     380K       68K       19K     95.76%
[2015.12.16-01.50.24:160][  0]LogMemory:       1360         3         3        115          332    1171    1360     152K       40K       11K     94.27%
[2015.12.16-01.50.24:160][  0]LogMemory:       1632         6         6        111         2550    1361    1632     176K      207K        9K     97.66%
[2015.12.16-01.50.24:160][  0]LogMemory:       2048         8         8        214          688    1633    2048     428K       84K       47K     90.82%
[2015.12.16-01.50.24:160][  0]LogMemory:       2336         4         4         87         1593    2050    2333     198K       58K       22K     91.41%
[2015.12.16-01.50.24:160][  0]LogMemory:       2720         4         4         71         1564    2337    2718     188K       67K       21K     91.80%
[2015.12.16-01.50.24:160][  0]LogMemory:       3264         5         7         83          964    2721    3264     264K       55K       15K     95.31%
[2015.12.16-01.50.24:160][  0]LogMemory:       4096        12        14        156         1784    3265    4096     624K      144K       82K     89.32%
[2015.12.16-01.50.24:160][  0]LogMemory:       4672        13        15        145          481    4104    4666     661K      170K       51K     93.87%
[2015.12.16-01.50.24:160][  0]LogMemory:       5456         9        14         94          974    4673    5440     500K       76K       47K     91.84%
[2015.12.16-01.50.24:160][  0]LogMemory:       6544         8        11         74          277    5460    6537     472K       40K       41K     91.99%
[2015.12.16-01.50.24:160][  0]LogMemory:       8192         9        10         66          900    6560    8192     528K       48K       40K     93.06%
[2015.12.16-01.50.24:160][  0]LogMemory:       9360         6         6         37           81    8200    9360     338K       46K       25K     93.49%
[2015.12.16-01.50.24:160][  0]LogMemory:      10912         4         5         23           55    9408   10845     245K       11K       21K     91.80%
[2015.12.16-01.50.24:160][  0]LogMemory:      13104         5         6         25           54   11101   13056     319K        1K       26K     91.88%
[2015.12.16-01.50.24:160][  0]LogMemory:      16384         7        10         26          136   13120   16384     416K       32K       29K     93.53%
[2015.12.16-01.50.24:160][  0]LogMemory:      21840         6         8         16           65   16392   21556     341K       43K       54K     85.94%
[2015.12.16-01.50.24:160][  0]LogMemory:      32768         7         8         11           66   21865   32640     352K       96K       76K     83.04%
[2015.12.16-01.50.24:161][  0]LogMemory: 
[2015.12.16-01.50.24:161][  0]LogMemory: 20288K allocated in pools (with 2667K slack and 1426K waste). Efficiency 92.97%
[2015.12.16-01.50.24:161][  0]LogMemory: Allocations 123455 Current / 1228871 Total (in 317 pools)
[2015.12.16-01.50.24:161][  0]LogMemory: 
[2015.12.16-01.50.24:182][  0]LogLinker:Warning: CreateImport: Failed to load Outer for resource 'WidgetTree': WidgetBlueprint /Script/UMGEditor.Default__WidgetBlueprint
[2015.12.16-01.50.24:327][  0]LogModuleManager:Warning: ModuleManager: Module 'GameplayDebugger' not found - its StaticallyLinkedModuleInitializers function is null.
[2015.12.16-01.50.24:327][  0]LogAIModule: Creating AISystem for world L_Island
[2015.12.16-01.50.24:327][  0]LogWorld: Game class is 'BP_GameMode_C'
[2015.12.16-01.50.24:329][  0]LogPhysics:Warning: AddBoxesToRigidActor: [/Game/Maps/TM_Outside.TM_Outside] BoxElems[25] invalid or has invalid transform
[2015.12.16-01.50.24:330][  0]LogWorld: Bringing World /Game/Levels/L_Island.L_Island up for play (max tick rate 0) at 2015.12.15-20.50.24
[2015.12.16-01.50.24:331][  0]LogWorld: Bringing up level for play took: 0.002763
[2015.12.16-01.50.24:337][  0]LogInit:Display: Game Engine Initialized.
[2015.12.16-01.50.24:538][  0]LogLoad: Full Startup: 1.41 seconds (BP compile: 0.00 seconds)
[2015.12.16-01.50.24:564][  0]LogOcInput: Can't find Oculus library dev build: is proper Runtime installed? Version: 0.8.0.0
[2015.12.16-01.50.24:714][  2]LogRenderer: Reallocating scene render targets to support 1280x720 (Frame:2).
[2015.12.16-01.50.26:252][ 37]Closing by request
[2015.12.16-01.50.26:252][ 37]LogWindows: FPlatformMisc::RequestExit(0)
[2015.12.16-01.50.27:081][ 38]LogWindowsTextInputMethodSystem:Display: IME system now deactivated.
[2015.12.16-01.50.27:081][ 38]LogWindowsTextInputMethodSystem:Display: IME system now deactivated.
[2015.12.16-01.50.27:237][ 38]LogExit: Preparing to exit.
[2015.12.16-01.50.27:330][ 38]LogExit: Game engine shut down
[2015.12.16-01.50.27:333][ 38]LogParticles: Destroying 0 GPU particle simulations for FXSystem 0x10F2B1A0
[2015.12.16-01.50.27:408][ 38]LogExit: Object subsystem successfully closed.
[2015.12.16-01.50.27:414][ 38]LogD3D11RHI: Shutdown
[2015.12.16-01.50.27:414][ 38]LogD3D11RHI: CleanupD3DDevice
[2015.12.16-01.50.27:491][ 38]LogD3D11RHI: ~FD3D11DynamicRHI
[2015.12.16-01.50.27:492][ 38]LogModuleManager: Shutting down and abandoning module AutomationWorker (57)
[2015.12.16-01.50.27:492][ 38]LogModuleManager: Shutting down and abandoning module CharacterAI (56)
[2015.12.16-01.50.27:492][ 38]LogModuleManager: Shutting down and abandoning module AIModule (54)
[2015.12.16-01.50.27:492][ 38]LogModuleManager: Shutting down and abandoning module GameLiveStreaming (53)
[2015.12.16-01.50.27:492][ 38]LogModuleManager: Shutting down and abandoning module StreamingPauseRendering (52)
[2015.12.16-01.50.27:492][ 38]LogModuleManager: Shutting down and abandoning module AnalyticsET (51)
[2015.12.16-01.50.27:492][ 38]LogModuleManager: Shutting down and abandoning module Analytics (50)
[2015.12.16-01.50.27:492][ 38]LogModuleManager: Shutting down and abandoning module ProfilerService (49)
[2015.12.16-01.50.27:532][ 38]LogModuleManager: Shutting down and abandoning module TaskGraph (48)
[2015.12.16-01.50.27:532][ 38]LogModuleManager: Shutting down and abandoning module SlateRemote (47)
[2015.12.16-01.50.27:532][ 38]LogModuleManager: Shutting down and abandoning module SteamVRController (46)
[2015.12.16-01.50.27:532][ 38]LogModuleManager: Shutting down and abandoning module SteamVR (45)
[2015.12.16-01.50.27:532][ 38]LogModuleManager: Shutting down and abandoning module ProceduralMeshComponent (44)
[2015.12.16-01.50.27:532][ 38]LogModuleManager: Shutting down and abandoning module OculusLibrary (43)
[2015.12.16-01.50.27:532][ 38]LogModuleManager: Shutting down and abandoning module OculusInput (42)
[2015.12.16-01.50.27:532][ 38]LogModuleManager: Shutting down and abandoning module CustomMeshComponent (41)
[2015.12.16-01.50.27:532][ 38]LogModuleManager: Shutting down and abandoning module CableComponent (40)
[2015.12.16-01.50.27:532][ 38]LogModuleManager: Shutting down and abandoning module ArchVisCharacter (39)
[2015.12.16-01.50.27:532][ 38]LogModuleManager: Shutting down and abandoning module IS (38)
[2015.12.16-01.50.27:532][ 38]LogModuleManager: Shutting down and abandoning module UdpMessaging (37)
[2015.12.16-01.50.27:532][ 38]LogModuleManager: Shutting down and abandoning module LightPropagationVolumeRuntime (36)
[2015.12.16-01.50.27:532][ 38]LogModuleManager: Shutting down and abandoning module Paper2D (35)
[2015.12.16-01.50.27:532][ 38]LogModuleManager: Shutting down and abandoning module Media (34)
[2015.12.16-01.50.27:532][ 38]LogModuleManager: Shutting down and abandoning module WmfMedia (33)
[2015.12.16-01.50.27:532][ 38]LogModuleManager: Shutting down and abandoning module WindowsMoviePlayer (32)
[2015.12.16-01.50.27:536][ 38]LogModuleManager: Shutting down and abandoning module ImageWrapper (31)
[2015.12.16-01.50.27:536][ 38]LogModuleManager: Shutting down and abandoning module UMG (30)
[2015.12.16-01.50.27:536][ 38]LogModuleManager: Shutting down and abandoning module Slate (29)
[2015.12.16-01.50.27:536][ 38]LogModuleManager: Shutting down and abandoning module SessionServices (28)
[2015.12.16-01.50.27:536][ 38]LogModuleManager: Shutting down and abandoning module Messaging (27)
[2015.12.16-01.50.27:536][ 38]LogModuleManager: Shutting down and abandoning module HeadMountedDisplay (26)
[2015.12.16-01.50.27:536][ 38]LogModuleManager: Shutting down and abandoning module XAudio2 (25)
[2015.12.16-01.50.27:536][ 38]LogModuleManager: Shutting down and abandoning module Networking (23)
[2015.12.16-01.50.27:536][ 38]LogModuleManager: Shutting down and abandoning module Core (22)
[2015.12.16-01.50.27:536][ 38]LogModuleManager: Shutting down and abandoning module LeapMotionController (21)
[2015.12.16-01.50.27:569][ 38]LogModuleManager: Shutting down and abandoning module InputCore (20)
[2015.12.16-01.50.27:569][ 38]LogModuleManager: Shutting down and abandoning module OnlineSubsystem (18)
[2015.12.16-01.50.27:569][ 38]LogModuleManager: Shutting down and abandoning module HTTP (17)
[2015.12.16-01.50.29:574][ 38]LogModuleManager: Shutting down and abandoning module OculusRift (16)
[2015.12.16-01.50.29:574][ 38]LogModuleManager: Shutting down and abandoning module ExampleDeviceProfileSelector (15)
[2015.12.16-01.50.29:574][ 38]LogModuleManager: Shutting down and abandoning module ShaderCore (14)
[2015.12.16-01.50.29:574][ 38]LogModuleManager: Shutting down and abandoning module Landscape (13)
[2015.12.16-01.50.29:574][ 38]LogModuleManager: Shutting down and abandoning module SlateRHIRenderer (12)
[2015.12.16-01.50.29:575][ 38]LogModuleManager: Shutting down and abandoning module OpenGLDrv (11)
[2015.12.16-01.50.29:575][ 38]LogModuleManager: Shutting down and abandoning module D3D11RHI (10)
[2015.12.16-01.50.29:575][ 38]LogModuleManager: Shutting down and abandoning module AnimGraphRuntime (9)
[2015.12.16-01.50.29:575][ 38]LogModuleManager: Shutting down and abandoning module Renderer (8)
[2015.12.16-01.50.29:575][ 38]LogModuleManager: Shutting down and abandoning module Engine (7)
[2015.12.16-01.50.29:575][ 38]LogModuleManager: Shutting down and abandoning module CoreUObject (6)
[2015.12.16-01.50.29:575][ 38]LogModuleManager: Shutting down and abandoning module NetworkFile (5)
[2015.12.16-01.50.29:575][ 38]LogModuleManager: Shutting down and abandoning module StreamingFile (4)
[2015.12.16-01.50.29:575][ 38]LogModuleManager: Shutting down and abandoning module SandboxFile (3)
[2015.12.16-01.50.29:575][ 38]LogModuleManager: Shutting down and abandoning module PakFile (1)
[2015.12.16-01.50.29:576][ 38]LogExit: Exiting.
[2015.12.16-01.50.29:577][ 38]Log file closed, 12/15/15 20:50:29
